2024-04-08T13:33:41.560Z [Modules] Modules initializing
2024-04-08T13:33:41.560Z [Modules] Distribution: remote
2024-04-08T13:33:41.560Z [Modules] Host updates: enabled
2024-04-08T13:33:41.560Z [Modules] Module updates: enabled
2024-04-08T13:33:41.560Z [Modules] Module install path: /home/tommi/.config/discord/0.0.47/modules
2024-04-08T13:33:41.560Z [Modules] Module installed file path: /home/tommi/.config/discord/0.0.47/modules/installed.json
2024-04-08T13:33:41.560Z [Modules] Module download path: /home/tommi/.config/discord/0.0.47/modules/pending
2024-04-08T13:33:41.789Z [Modules] Bootstrapping...
2024-04-08T13:33:41.790Z [Modules] Installing discord_desktop_core@0 from /opt/discord/resources/bootstrap/discord_desktop_core.zip
2024-04-08T13:33:41.792Z [Modules] Failed installing discord_desktop_core@0: Error: ENOENT: no such file or directory, open '/opt/discord/resources/bootstrap/discord_desktop_core.zip'
2024-04-08T13:33:41.792Z [Modules] Installing discord_erlpack@0 from /opt/discord/resources/bootstrap/discord_erlpack.zip
2024-04-08T13:33:41.793Z [Modules] Failed installing discord_erlpack@0: Error: ENOENT: no such file or directory, open '/opt/discord/resources/bootstrap/discord_erlpack.zip'
2024-04-08T13:33:41.793Z [Modules] Installing discord_spellcheck@0 from /opt/discord/resources/bootstrap/discord_spellcheck.zip
2024-04-08T13:33:41.794Z [Modules] Failed installing discord_spellcheck@0: Error: ENOENT: no such file or directory, open '/opt/discord/resources/bootstrap/discord_spellcheck.zip'
2024-04-08T13:33:41.794Z [Modules] Installing discord_utils@0 from /opt/discord/resources/bootstrap/discord_utils.zip
2024-04-08T13:33:41.794Z [Modules] Failed installing discord_utils@0: Error: ENOENT: no such file or directory, open '/opt/discord/resources/bootstrap/discord_utils.zip'
2024-04-08T13:33:41.795Z [Modules] Installing discord_voice@0 from /opt/discord/resources/bootstrap/discord_voice.zip
2024-04-08T13:33:41.795Z [Modules] Failed installing discord_voice@0: Error: ENOENT: no such file or directory, open '/opt/discord/resources/bootstrap/discord_voice.zip'
2024-04-08T13:33:41.795Z [Modules] Finished module installations. [success: 0] [failure: 5]
2024-04-08T13:33:41.795Z [Modules] Checking for host updates.
2024-04-08T13:33:42.067Z [Modules] Host is up to date.
2024-04-08T13:33:42.067Z [Modules] Checking for module updates at https://discord.com/api/modules/stable/versions.json
2024-04-08T13:33:42.098Z [Modules] Module update available: discord_desktop_core@1 [installed: 0]
2024-04-08T13:33:42.098Z [Modules] Module update available: discord_erlpack@1 [installed: 0]
2024-04-08T13:33:42.098Z [Modules] Module update available: discord_spellcheck@1 [installed: 0]
2024-04-08T13:33:42.098Z [Modules] Module update available: discord_utils@1 [installed: 0]
2024-04-08T13:33:42.098Z [Modules] Module update available: discord_voice@1 [installed: 0]
2024-04-08T13:33:42.099Z [Modules] Fetching discord_desktop_core@1 from https://discord.com/api/modules/stable/discord_desktop_core/1
2024-04-08T13:33:42.099Z [Modules] Streaming discord_desktop_core@1 to /home/tommi/.config/discord/0.0.47/modules/pending/discord_desktop_core-1.zip
2024-04-08T13:33:42.291Z [Modules] Streaming discord_desktop_core@1 to /home/tommi/.config/discord/0.0.47/modules/pending/discord_desktop_core-1.zip: 2%
2024-04-08T13:33:42.297Z [Modules] Streaming discord_desktop_core@1 to /home/tommi/.config/discord/0.0.47/modules/pending/discord_desktop_core-1.zip: 5%
2024-04-08T13:33:42.300Z [Modules] Streaming discord_desktop_core@1 to /home/tommi/.config/discord/0.0.47/modules/pending/discord_desktop_core-1.zip: 8%
2024-04-08T13:33:42.303Z [Modules] Streaming discord_desktop_core@1 to /home/tommi/.config/discord/0.0.47/modules/pending/discord_desktop_core-1.zip: 11%
2024-04-08T13:33:42.303Z [Modules] Streaming discord_desktop_core@1 to /home/tommi/.config/discord/0.0.47/modules/pending/discord_desktop_core-1.zip: 13%
2024-04-08T13:33:42.304Z [Modules] Streaming discord_desktop_core@1 to /home/tommi/.config/discord/0.0.47/modules/pending/discord_desktop_core-1.zip: 16%
2024-04-08T13:33:42.306Z [Modules] Streaming discord_desktop_core@1 to /home/tommi/.config/discord/0.0.47/modules/pending/discord_desktop_core-1.zip: 18%
2024-04-08T13:33:42.306Z [Modules] Streaming discord_desktop_core@1 to /home/tommi/.config/discord/0.0.47/modules/pending/discord_desktop_core-1.zip: 21%
2024-04-08T13:33:42.307Z [Modules] Streaming discord_desktop_core@1 to /home/tommi/.config/discord/0.0.47/modules/pending/discord_desktop_core-1.zip: 24%
2024-04-08T13:33:42.308Z [Modules] Streaming discord_desktop_core@1 to /home/tommi/.config/discord/0.0.47/modules/pending/discord_desktop_core-1.zip: 27%
2024-04-08T13:33:42.308Z [Modules] Streaming discord_desktop_core@1 to /home/tommi/.config/discord/0.0.47/modules/pending/discord_desktop_core-1.zip: 30%
2024-04-08T13:33:42.309Z [Modules] Streaming discord_desktop_core@1 to /home/tommi/.config/discord/0.0.47/modules/pending/discord_desktop_core-1.zip: 31%
2024-04-08T13:33:42.310Z [Modules] Streaming discord_desktop_core@1 to /home/tommi/.config/discord/0.0.47/modules/pending/discord_desktop_core-1.zip: 34%
2024-04-08T13:33:42.310Z [Modules] Streaming discord_desktop_core@1 to /home/tommi/.config/discord/0.0.47/modules/pending/discord_desktop_core-1.zip: 37%
2024-04-08T13:33:42.310Z [Modules] Streaming discord_desktop_core@1 to /home/tommi/.config/discord/0.0.47/modules/pending/discord_desktop_core-1.zip: 40%
2024-04-08T13:33:42.311Z [Modules] Streaming discord_desktop_core@1 to /home/tommi/.config/discord/0.0.47/modules/pending/discord_desktop_core-1.zip: 43%
2024-04-08T13:33:42.312Z [Modules] Streaming discord_desktop_core@1 to /home/tommi/.config/discord/0.0.47/modules/pending/discord_desktop_core-1.zip: 44%
2024-04-08T13:33:42.312Z [Modules] Streaming discord_desktop_core@1 to /home/tommi/.config/discord/0.0.47/modules/pending/discord_desktop_core-1.zip: 48%
2024-04-08T13:33:42.312Z [Modules] Streaming discord_desktop_core@1 to /home/tommi/.config/discord/0.0.47/modules/pending/discord_desktop_core-1.zip: 49%
2024-04-08T13:33:42.313Z [Modules] Streaming discord_desktop_core@1 to /home/tommi/.config/discord/0.0.47/modules/pending/discord_desktop_core-1.zip: 52%
2024-04-08T13:33:42.313Z [Modules] Streaming discord_desktop_core@1 to /home/tommi/.config/discord/0.0.47/modules/pending/discord_desktop_core-1.zip: 55%
2024-04-08T13:33:42.314Z [Modules] Streaming discord_desktop_core@1 to /home/tommi/.config/discord/0.0.47/modules/pending/discord_desktop_core-1.zip: 58%
2024-04-08T13:33:42.314Z [Modules] Streaming discord_desktop_core@1 to /home/tommi/.config/discord/0.0.47/modules/pending/discord_desktop_core-1.zip: 61%
2024-04-08T13:33:42.315Z [Modules] Streaming discord_desktop_core@1 to /home/tommi/.config/discord/0.0.47/modules/pending/discord_desktop_core-1.zip: 64%
2024-04-08T13:33:42.316Z [Modules] Streaming discord_desktop_core@1 to /home/tommi/.config/discord/0.0.47/modules/pending/discord_desktop_core-1.zip: 67%
2024-04-08T13:33:42.316Z [Modules] Streaming discord_desktop_core@1 to /home/tommi/.config/discord/0.0.47/modules/pending/discord_desktop_core-1.zip: 70%
2024-04-08T13:33:42.317Z [Modules] Streaming discord_desktop_core@1 to /home/tommi/.config/discord/0.0.47/modules/pending/discord_desktop_core-1.zip: 73%
2024-04-08T13:33:42.317Z [Modules] Streaming discord_desktop_core@1 to /home/tommi/.config/discord/0.0.47/modules/pending/discord_desktop_core-1.zip: 76%
2024-04-08T13:33:42.318Z [Modules] Streaming discord_desktop_core@1 to /home/tommi/.config/discord/0.0.47/modules/pending/discord_desktop_core-1.zip: 77%
2024-04-08T13:33:42.318Z [Modules] Streaming discord_desktop_core@1 to /home/tommi/.config/discord/0.0.47/modules/pending/discord_desktop_core-1.zip: 80%
2024-04-08T13:33:42.319Z [Modules] Streaming discord_desktop_core@1 to /home/tommi/.config/discord/0.0.47/modules/pending/discord_desktop_core-1.zip: 83%
2024-04-08T13:33:42.319Z [Modules] Streaming discord_desktop_core@1 to /home/tommi/.config/discord/0.0.47/modules/pending/discord_desktop_core-1.zip: 86%
2024-04-08T13:33:42.320Z [Modules] Streaming discord_desktop_core@1 to /home/tommi/.config/discord/0.0.47/modules/pending/discord_desktop_core-1.zip: 89%
2024-04-08T13:33:42.320Z [Modules] Streaming discord_desktop_core@1 to /home/tommi/.config/discord/0.0.47/modules/pending/discord_desktop_core-1.zip: 91%
2024-04-08T13:33:42.321Z [Modules] Streaming discord_desktop_core@1 to /home/tommi/.config/discord/0.0.47/modules/pending/discord_desktop_core-1.zip: 94%
2024-04-08T13:33:42.321Z [Modules] Streaming discord_desktop_core@1 to /home/tommi/.config/discord/0.0.47/modules/pending/discord_desktop_core-1.zip: 95%
2024-04-08T13:33:42.321Z [Modules] Streaming discord_desktop_core@1 to /home/tommi/.config/discord/0.0.47/modules/pending/discord_desktop_core-1.zip: 97%
2024-04-08T13:33:42.322Z [Modules] Streaming discord_desktop_core@1 to /home/tommi/.config/discord/0.0.47/modules/pending/discord_desktop_core-1.zip: 100%
2024-04-08T13:33:42.324Z [Modules] Fetching discord_erlpack@1 from https://discord.com/api/modules/stable/discord_erlpack/1
2024-04-08T13:33:42.324Z [Modules] Streaming discord_erlpack@1 to /home/tommi/.config/discord/0.0.47/modules/pending/discord_erlpack-1.zip
2024-04-08T13:33:42.479Z [Modules] Streaming discord_erlpack@1 to /home/tommi/.config/discord/0.0.47/modules/pending/discord_erlpack-1.zip: 3%
2024-04-08T13:33:42.480Z [Modules] Streaming discord_erlpack@1 to /home/tommi/.config/discord/0.0.47/modules/pending/discord_erlpack-1.zip: 7%
2024-04-08T13:33:42.481Z [Modules] Streaming discord_erlpack@1 to /home/tommi/.config/discord/0.0.47/modules/pending/discord_erlpack-1.zip: 13%
2024-04-08T13:33:42.481Z [Modules] Streaming discord_erlpack@1 to /home/tommi/.config/discord/0.0.47/modules/pending/discord_erlpack-1.zip: 17%
2024-04-08T13:33:42.482Z [Modules] Streaming discord_erlpack@1 to /home/tommi/.config/discord/0.0.47/modules/pending/discord_erlpack-1.zip: 20%
2024-04-08T13:33:42.482Z [Modules] Streaming discord_erlpack@1 to /home/tommi/.config/discord/0.0.47/modules/pending/discord_erlpack-1.zip: 23%
2024-04-08T13:33:42.483Z [Modules] Streaming discord_erlpack@1 to /home/tommi/.config/discord/0.0.47/modules/pending/discord_erlpack-1.zip: 27%
2024-04-08T13:33:42.483Z [Modules] Streaming discord_erlpack@1 to /home/tommi/.config/discord/0.0.47/modules/pending/discord_erlpack-1.zip: 30%
2024-04-08T13:33:42.484Z [Modules] Streaming discord_erlpack@1 to /home/tommi/.config/discord/0.0.47/modules/pending/discord_erlpack-1.zip: 34%
2024-04-08T13:33:42.485Z [Modules] Streaming discord_erlpack@1 to /home/tommi/.config/discord/0.0.47/modules/pending/discord_erlpack-1.zip: 37%
2024-04-08T13:33:42.485Z [Modules] Streaming discord_erlpack@1 to /home/tommi/.config/discord/0.0.47/modules/pending/discord_erlpack-1.zip: 40%
2024-04-08T13:33:42.488Z [Modules] Streaming discord_erlpack@1 to /home/tommi/.config/discord/0.0.47/modules/pending/discord_erlpack-1.zip: 44%
2024-04-08T13:33:42.489Z [Modules] Streaming discord_erlpack@1 to /home/tommi/.config/discord/0.0.47/modules/pending/discord_erlpack-1.zip: 47%
2024-04-08T13:33:42.491Z [Modules] Streaming discord_erlpack@1 to /home/tommi/.config/discord/0.0.47/modules/pending/discord_erlpack-1.zip: 51%
2024-04-08T13:33:42.492Z [Modules] Streaming discord_erlpack@1 to /home/tommi/.config/discord/0.0.47/modules/pending/discord_erlpack-1.zip: 54%
2024-04-08T13:33:42.494Z [Modules] Streaming discord_erlpack@1 to /home/tommi/.config/discord/0.0.47/modules/pending/discord_erlpack-1.zip: 58%
2024-04-08T13:33:42.495Z [Modules] Streaming discord_erlpack@1 to /home/tommi/.config/discord/0.0.47/modules/pending/discord_erlpack-1.zip: 61%
2024-04-08T13:33:42.496Z [Modules] Streaming discord_erlpack@1 to /home/tommi/.config/discord/0.0.47/modules/pending/discord_erlpack-1.zip: 64%
2024-04-08T13:33:42.496Z [Modules] Streaming discord_erlpack@1 to /home/tommi/.config/discord/0.0.47/modules/pending/discord_erlpack-1.zip: 75%
2024-04-08T13:33:42.496Z [Modules] Streaming discord_erlpack@1 to /home/tommi/.config/discord/0.0.47/modules/pending/discord_erlpack-1.zip: 81%
2024-04-08T13:33:42.497Z [Modules] Streaming discord_erlpack@1 to /home/tommi/.config/discord/0.0.47/modules/pending/discord_erlpack-1.zip: 88%
2024-04-08T13:33:42.497Z [Modules] Streaming discord_erlpack@1 to /home/tommi/.config/discord/0.0.47/modules/pending/discord_erlpack-1.zip: 95%
2024-04-08T13:33:42.497Z [Modules] Streaming discord_erlpack@1 to /home/tommi/.config/discord/0.0.47/modules/pending/discord_erlpack-1.zip: 100%
2024-04-08T13:33:42.498Z [Modules] Fetching discord_spellcheck@1 from https://discord.com/api/modules/stable/discord_spellcheck/1
2024-04-08T13:33:42.498Z [Modules] Streaming discord_spellcheck@1 to /home/tommi/.config/discord/0.0.47/modules/pending/discord_spellcheck-1.zip
2024-04-08T13:33:42.681Z [Modules] Streaming discord_spellcheck@1 to /home/tommi/.config/discord/0.0.47/modules/pending/discord_spellcheck-1.zip: 1%
2024-04-08T13:33:42.681Z [Modules] Streaming discord_spellcheck@1 to /home/tommi/.config/discord/0.0.47/modules/pending/discord_spellcheck-1.zip: 2%
2024-04-08T13:33:42.682Z [Modules] Streaming discord_spellcheck@1 to /home/tommi/.config/discord/0.0.47/modules/pending/discord_spellcheck-1.zip: 3%
2024-04-08T13:33:42.683Z [Modules] Streaming discord_spellcheck@1 to /home/tommi/.config/discord/0.0.47/modules/pending/discord_spellcheck-1.zip: 4%
2024-04-08T13:33:42.684Z [Modules] Streaming discord_spellcheck@1 to /home/tommi/.config/discord/0.0.47/modules/pending/discord_spellcheck-1.zip: 5%
2024-04-08T13:33:42.685Z [Modules] Streaming discord_spellcheck@1 to /home/tommi/.config/discord/0.0.47/modules/pending/discord_spellcheck-1.zip: 6%
2024-04-08T13:33:42.686Z [Modules] Streaming discord_spellcheck@1 to /home/tommi/.config/discord/0.0.47/modules/pending/discord_spellcheck-1.zip: 7%
2024-04-08T13:33:42.687Z [Modules] Streaming discord_spellcheck@1 to /home/tommi/.config/discord/0.0.47/modules/pending/discord_spellcheck-1.zip: 8%
2024-04-08T13:33:42.687Z [Modules] Streaming discord_spellcheck@1 to /home/tommi/.config/discord/0.0.47/modules/pending/discord_spellcheck-1.zip: 9%
2024-04-08T13:33:42.689Z [Modules] Streaming discord_spellcheck@1 to /home/tommi/.config/discord/0.0.47/modules/pending/discord_spellcheck-1.zip: 10%
2024-04-08T13:33:42.689Z [Modules] Streaming discord_spellcheck@1 to /home/tommi/.config/discord/0.0.47/modules/pending/discord_spellcheck-1.zip: 11%
2024-04-08T13:33:42.690Z [Modules] Streaming discord_spellcheck@1 to /home/tommi/.config/discord/0.0.47/modules/pending/discord_spellcheck-1.zip: 12%
2024-04-08T13:33:42.692Z [Modules] Streaming discord_spellcheck@1 to /home/tommi/.config/discord/0.0.47/modules/pending/discord_spellcheck-1.zip: 13%
2024-04-08T13:33:42.692Z [Modules] Streaming discord_spellcheck@1 to /home/tommi/.config/discord/0.0.47/modules/pending/discord_spellcheck-1.zip: 14%
2024-04-08T13:33:42.693Z [Modules] Streaming discord_spellcheck@1 to /home/tommi/.config/discord/0.0.47/modules/pending/discord_spellcheck-1.zip: 15%
2024-04-08T13:33:42.694Z [Modules] Streaming discord_spellcheck@1 to /home/tommi/.config/discord/0.0.47/modules/pending/discord_spellcheck-1.zip: 16%
2024-04-08T13:33:42.695Z [Modules] Streaming discord_spellcheck@1 to /home/tommi/.config/discord/0.0.47/modules/pending/discord_spellcheck-1.zip: 17%
2024-04-08T13:33:42.696Z [Modules] Streaming discord_spellcheck@1 to /home/tommi/.config/discord/0.0.47/modules/pending/discord_spellcheck-1.zip: 18%
2024-04-08T13:33:42.697Z [Modules] Streaming discord_spellcheck@1 to /home/tommi/.config/discord/0.0.47/modules/pending/discord_spellcheck-1.zip: 19%
2024-04-08T13:33:42.697Z [Modules] Streaming discord_spellcheck@1 to /home/tommi/.config/discord/0.0.47/modules/pending/discord_spellcheck-1.zip: 20%
2024-04-08T13:33:42.698Z [Modules] Streaming discord_spellcheck@1 to /home/tommi/.config/discord/0.0.47/modules/pending/discord_spellcheck-1.zip: 21%
2024-04-08T13:33:42.699Z [Modules] Streaming discord_spellcheck@1 to /home/tommi/.config/discord/0.0.47/modules/pending/discord_spellcheck-1.zip: 22%
2024-04-08T13:33:42.700Z [Modules] Streaming discord_spellcheck@1 to /home/tommi/.config/discord/0.0.47/modules/pending/discord_spellcheck-1.zip: 23%
2024-04-08T13:33:42.701Z [Modules] Streaming discord_spellcheck@1 to /home/tommi/.config/discord/0.0.47/modules/pending/discord_spellcheck-1.zip: 24%
2024-04-08T13:33:42.702Z [Modules] Streaming discord_spellcheck@1 to /home/tommi/.config/discord/0.0.47/modules/pending/discord_spellcheck-1.zip: 25%
2024-04-08T13:33:42.703Z [Modules] Streaming discord_spellcheck@1 to /home/tommi/.config/discord/0.0.47/modules/pending/discord_spellcheck-1.zip: 26%
2024-04-08T13:33:42.704Z [Modules] Streaming discord_spellcheck@1 to /home/tommi/.config/discord/0.0.47/modules/pending/discord_spellcheck-1.zip: 27%
2024-04-08T13:33:42.704Z [Modules] Streaming discord_spellcheck@1 to /home/tommi/.config/discord/0.0.47/modules/pending/discord_spellcheck-1.zip: 28%
2024-04-08T13:33:42.705Z [Modules] Streaming discord_spellcheck@1 to /home/tommi/.config/discord/0.0.47/modules/pending/discord_spellcheck-1.zip: 29%
2024-04-08T13:33:42.706Z [Modules] Streaming discord_spellcheck@1 to /home/tommi/.config/discord/0.0.47/modules/pending/discord_spellcheck-1.zip: 30%
2024-04-08T13:33:42.707Z [Modules] Streaming discord_spellcheck@1 to /home/tommi/.config/discord/0.0.47/modules/pending/discord_spellcheck-1.zip: 31%
2024-04-08T13:33:42.708Z [Modules] Streaming discord_spellcheck@1 to /home/tommi/.config/discord/0.0.47/modules/pending/discord_spellcheck-1.zip: 32%
2024-04-08T13:33:42.709Z [Modules] Streaming discord_spellcheck@1 to /home/tommi/.config/discord/0.0.47/modules/pending/discord_spellcheck-1.zip: 33%
2024-04-08T13:33:42.710Z [Modules] Streaming discord_spellcheck@1 to /home/tommi/.config/discord/0.0.47/modules/pending/discord_spellcheck-1.zip: 34%
2024-04-08T13:33:42.723Z [Modules] Streaming discord_spellcheck@1 to /home/tommi/.config/discord/0.0.47/modules/pending/discord_spellcheck-1.zip: 35%
2024-04-08T13:33:42.724Z [Modules] Streaming discord_spellcheck@1 to /home/tommi/.config/discord/0.0.47/modules/pending/discord_spellcheck-1.zip: 36%
2024-04-08T13:33:42.725Z [Modules] Streaming discord_spellcheck@1 to /home/tommi/.config/discord/0.0.47/modules/pending/discord_spellcheck-1.zip: 37%
2024-04-08T13:33:42.726Z [Modules] Streaming discord_spellcheck@1 to /home/tommi/.config/discord/0.0.47/modules/pending/discord_spellcheck-1.zip: 38%
2024-04-08T13:33:42.726Z [Modules] Streaming discord_spellcheck@1 to /home/tommi/.config/discord/0.0.47/modules/pending/discord_spellcheck-1.zip: 39%
2024-04-08T13:33:42.727Z [Modules] Streaming discord_spellcheck@1 to /home/tommi/.config/discord/0.0.47/modules/pending/discord_spellcheck-1.zip: 40%
2024-04-08T13:33:42.727Z [Modules] Streaming discord_spellcheck@1 to /home/tommi/.config/discord/0.0.47/modules/pending/discord_spellcheck-1.zip: 41%
2024-04-08T13:33:42.728Z [Modules] Streaming discord_spellcheck@1 to /home/tommi/.config/discord/0.0.47/modules/pending/discord_spellcheck-1.zip: 42%
2024-04-08T13:33:42.729Z [Modules] Streaming discord_spellcheck@1 to /home/tommi/.config/discord/0.0.47/modules/pending/discord_spellcheck-1.zip: 43%
2024-04-08T13:33:42.730Z [Modules] Streaming discord_spellcheck@1 to /home/tommi/.config/discord/0.0.47/modules/pending/discord_spellcheck-1.zip: 44%
2024-04-08T13:33:42.730Z [Modules] Streaming discord_spellcheck@1 to /home/tommi/.config/discord/0.0.47/modules/pending/discord_spellcheck-1.zip: 45%
2024-04-08T13:33:42.731Z [Modules] Streaming discord_spellcheck@1 to /home/tommi/.config/discord/0.0.47/modules/pending/discord_spellcheck-1.zip: 46%
2024-04-08T13:33:42.731Z [Modules] Streaming discord_spellcheck@1 to /home/tommi/.config/discord/0.0.47/modules/pending/discord_spellcheck-1.zip: 47%
2024-04-08T13:33:42.733Z [Modules] Streaming discord_spellcheck@1 to /home/tommi/.config/discord/0.0.47/modules/pending/discord_spellcheck-1.zip: 48%
2024-04-08T13:33:42.734Z [Modules] Streaming discord_spellcheck@1 to /home/tommi/.config/discord/0.0.47/modules/pending/discord_spellcheck-1.zip: 49%
2024-04-08T13:33:42.734Z [Modules] Streaming discord_spellcheck@1 to /home/tommi/.config/discord/0.0.47/modules/pending/discord_spellcheck-1.zip: 50%
2024-04-08T13:33:42.735Z [Modules] Streaming discord_spellcheck@1 to /home/tommi/.config/discord/0.0.47/modules/pending/discord_spellcheck-1.zip: 51%
2024-04-08T13:33:42.736Z [Modules] Streaming discord_spellcheck@1 to /home/tommi/.config/discord/0.0.47/modules/pending/discord_spellcheck-1.zip: 52%
2024-04-08T13:33:42.736Z [Modules] Streaming discord_spellcheck@1 to /home/tommi/.config/discord/0.0.47/modules/pending/discord_spellcheck-1.zip: 53%
2024-04-08T13:33:42.737Z [Modules] Streaming discord_spellcheck@1 to /home/tommi/.config/discord/0.0.47/modules/pending/discord_spellcheck-1.zip: 55%
2024-04-08T13:33:42.737Z [Modules] Streaming discord_spellcheck@1 to /home/tommi/.config/discord/0.0.47/modules/pending/discord_spellcheck-1.zip: 56%
2024-04-08T13:33:42.737Z [Modules] Streaming discord_spellcheck@1 to /home/tommi/.config/discord/0.0.47/modules/pending/discord_spellcheck-1.zip: 57%
2024-04-08T13:33:42.738Z [Modules] Streaming discord_spellcheck@1 to /home/tommi/.config/discord/0.0.47/modules/pending/discord_spellcheck-1.zip: 59%
2024-04-08T13:33:42.738Z [Modules] Streaming discord_spellcheck@1 to /home/tommi/.config/discord/0.0.47/modules/pending/discord_spellcheck-1.zip: 60%
2024-04-08T13:33:42.739Z [Modules] Streaming discord_spellcheck@1 to /home/tommi/.config/discord/0.0.47/modules/pending/discord_spellcheck-1.zip: 62%
2024-04-08T13:33:42.739Z [Modules] Streaming discord_spellcheck@1 to /home/tommi/.config/discord/0.0.47/modules/pending/discord_spellcheck-1.zip: 63%
2024-04-08T13:33:42.739Z [Modules] Streaming discord_spellcheck@1 to /home/tommi/.config/discord/0.0.47/modules/pending/discord_spellcheck-1.zip: 64%
2024-04-08T13:33:42.745Z [Modules] Streaming discord_spellcheck@1 to /home/tommi/.config/discord/0.0.47/modules/pending/discord_spellcheck-1.zip: 65%
2024-04-08T13:33:42.747Z [Modules] Streaming discord_spellcheck@1 to /home/tommi/.config/discord/0.0.47/modules/pending/discord_spellcheck-1.zip: 66%
2024-04-08T13:33:42.748Z [Modules] Streaming discord_spellcheck@1 to /home/tommi/.config/discord/0.0.47/modules/pending/discord_spellcheck-1.zip: 67%
2024-04-08T13:33:42.748Z [Modules] Streaming discord_spellcheck@1 to /home/tommi/.config/discord/0.0.47/modules/pending/discord_spellcheck-1.zip: 68%
2024-04-08T13:33:42.748Z [Modules] Streaming discord_spellcheck@1 to /home/tommi/.config/discord/0.0.47/modules/pending/discord_spellcheck-1.zip: 69%
2024-04-08T13:33:42.749Z [Modules] Streaming discord_spellcheck@1 to /home/tommi/.config/discord/0.0.47/modules/pending/discord_spellcheck-1.zip: 71%
2024-04-08T13:33:42.749Z [Modules] Streaming discord_spellcheck@1 to /home/tommi/.config/discord/0.0.47/modules/pending/discord_spellcheck-1.zip: 72%
2024-04-08T13:33:42.750Z [Modules] Streaming discord_spellcheck@1 to /home/tommi/.config/discord/0.0.47/modules/pending/discord_spellcheck-1.zip: 73%
2024-04-08T13:33:42.750Z [Modules] Streaming discord_spellcheck@1 to /home/tommi/.config/discord/0.0.47/modules/pending/discord_spellcheck-1.zip: 75%
2024-04-08T13:33:42.750Z [Modules] Streaming discord_spellcheck@1 to /home/tommi/.config/discord/0.0.47/modules/pending/discord_spellcheck-1.zip: 77%
2024-04-08T13:33:42.751Z [Modules] Streaming discord_spellcheck@1 to /home/tommi/.config/discord/0.0.47/modules/pending/discord_spellcheck-1.zip: 78%
2024-04-08T13:33:42.751Z [Modules] Streaming discord_spellcheck@1 to /home/tommi/.config/discord/0.0.47/modules/pending/discord_spellcheck-1.zip: 80%
2024-04-08T13:33:42.752Z [Modules] Streaming discord_spellcheck@1 to /home/tommi/.config/discord/0.0.47/modules/pending/discord_spellcheck-1.zip: 81%
2024-04-08T13:33:42.752Z [Modules] Streaming discord_spellcheck@1 to /home/tommi/.config/discord/0.0.47/modules/pending/discord_spellcheck-1.zip: 82%
2024-04-08T13:33:42.753Z [Modules] Streaming discord_spellcheck@1 to /home/tommi/.config/discord/0.0.47/modules/pending/discord_spellcheck-1.zip: 83%
2024-04-08T13:33:42.754Z [Modules] Streaming discord_spellcheck@1 to /home/tommi/.config/discord/0.0.47/modules/pending/discord_spellcheck-1.zip: 84%
2024-04-08T13:33:42.755Z [Modules] Streaming discord_spellcheck@1 to /home/tommi/.config/discord/0.0.47/modules/pending/discord_spellcheck-1.zip: 85%
2024-04-08T13:33:42.756Z [Modules] Streaming discord_spellcheck@1 to /home/tommi/.config/discord/0.0.47/modules/pending/discord_spellcheck-1.zip: 86%
2024-04-08T13:33:42.757Z [Modules] Streaming discord_spellcheck@1 to /home/tommi/.config/discord/0.0.47/modules/pending/discord_spellcheck-1.zip: 87%
2024-04-08T13:33:42.758Z [Modules] Streaming discord_spellcheck@1 to /home/tommi/.config/discord/0.0.47/modules/pending/discord_spellcheck-1.zip: 88%
2024-04-08T13:33:42.759Z [Modules] Streaming discord_spellcheck@1 to /home/tommi/.config/discord/0.0.47/modules/pending/discord_spellcheck-1.zip: 89%
2024-04-08T13:33:42.759Z [Modules] Streaming discord_spellcheck@1 to /home/tommi/.config/discord/0.0.47/modules/pending/discord_spellcheck-1.zip: 90%
2024-04-08T13:33:42.761Z [Modules] Streaming discord_spellcheck@1 to /home/tommi/.config/discord/0.0.47/modules/pending/discord_spellcheck-1.zip: 91%
2024-04-08T13:33:42.767Z [Modules] Streaming discord_spellcheck@1 to /home/tommi/.config/discord/0.0.47/modules/pending/discord_spellcheck-1.zip: 92%
2024-04-08T13:33:42.768Z [Modules] Streaming discord_spellcheck@1 to /home/tommi/.config/discord/0.0.47/modules/pending/discord_spellcheck-1.zip: 93%
2024-04-08T13:33:42.768Z [Modules] Streaming discord_spellcheck@1 to /home/tommi/.config/discord/0.0.47/modules/pending/discord_spellcheck-1.zip: 94%
2024-04-08T13:33:42.768Z [Modules] Streaming discord_spellcheck@1 to /home/tommi/.config/discord/0.0.47/modules/pending/discord_spellcheck-1.zip: 95%
2024-04-08T13:33:42.769Z [Modules] Streaming discord_spellcheck@1 to /home/tommi/.config/discord/0.0.47/modules/pending/discord_spellcheck-1.zip: 97%
2024-04-08T13:33:42.770Z [Modules] Streaming discord_spellcheck@1 to /home/tommi/.config/discord/0.0.47/modules/pending/discord_spellcheck-1.zip: 98%
2024-04-08T13:33:42.770Z [Modules] Streaming discord_spellcheck@1 to /home/tommi/.config/discord/0.0.47/modules/pending/discord_spellcheck-1.zip: 99%
2024-04-08T13:33:42.770Z [Modules] Streaming discord_spellcheck@1 to /home/tommi/.config/discord/0.0.47/modules/pending/discord_spellcheck-1.zip: 100%
2024-04-08T13:33:42.771Z [Modules] Fetching discord_utils@1 from https://discord.com/api/modules/stable/discord_utils/1
2024-04-08T13:33:42.771Z [Modules] Streaming discord_utils@1 to /home/tommi/.config/discord/0.0.47/modules/pending/discord_utils-1.zip
2024-04-08T13:33:42.941Z [Modules] Streaming discord_utils@1 to /home/tommi/.config/discord/0.0.47/modules/pending/discord_utils-1.zip: 2%
2024-04-08T13:33:42.941Z [Modules] Streaming discord_utils@1 to /home/tommi/.config/discord/0.0.47/modules/pending/discord_utils-1.zip: 4%
2024-04-08T13:33:42.942Z [Modules] Streaming discord_utils@1 to /home/tommi/.config/discord/0.0.47/modules/pending/discord_utils-1.zip: 6%
2024-04-08T13:33:42.942Z [Modules] Streaming discord_utils@1 to /home/tommi/.config/discord/0.0.47/modules/pending/discord_utils-1.zip: 8%
2024-04-08T13:33:42.942Z [Modules] Streaming discord_utils@1 to /home/tommi/.config/discord/0.0.47/modules/pending/discord_utils-1.zip: 11%
2024-04-08T13:33:42.943Z [Modules] Streaming discord_utils@1 to /home/tommi/.config/discord/0.0.47/modules/pending/discord_utils-1.zip: 13%
2024-04-08T13:33:42.944Z [Modules] Streaming discord_utils@1 to /home/tommi/.config/discord/0.0.47/modules/pending/discord_utils-1.zip: 15%
2024-04-08T13:33:42.944Z [Modules] Streaming discord_utils@1 to /home/tommi/.config/discord/0.0.47/modules/pending/discord_utils-1.zip: 17%
2024-04-08T13:33:42.945Z [Modules] Streaming discord_utils@1 to /home/tommi/.config/discord/0.0.47/modules/pending/discord_utils-1.zip: 19%
2024-04-08T13:33:42.945Z [Modules] Streaming discord_utils@1 to /home/tommi/.config/discord/0.0.47/modules/pending/discord_utils-1.zip: 21%
2024-04-08T13:33:42.946Z [Modules] Streaming discord_utils@1 to /home/tommi/.config/discord/0.0.47/modules/pending/discord_utils-1.zip: 23%
2024-04-08T13:33:42.946Z [Modules] Streaming discord_utils@1 to /home/tommi/.config/discord/0.0.47/modules/pending/discord_utils-1.zip: 25%
2024-04-08T13:33:42.947Z [Modules] Streaming discord_utils@1 to /home/tommi/.config/discord/0.0.47/modules/pending/discord_utils-1.zip: 27%
2024-04-08T13:33:42.948Z [Modules] Streaming discord_utils@1 to /home/tommi/.config/discord/0.0.47/modules/pending/discord_utils-1.zip: 30%
2024-04-08T13:33:42.948Z [Modules] Streaming discord_utils@1 to /home/tommi/.config/discord/0.0.47/modules/pending/discord_utils-1.zip: 32%
2024-04-08T13:33:42.949Z [Modules] Streaming discord_utils@1 to /home/tommi/.config/discord/0.0.47/modules/pending/discord_utils-1.zip: 34%
2024-04-08T13:33:42.949Z [Modules] Streaming discord_utils@1 to /home/tommi/.config/discord/0.0.47/modules/pending/discord_utils-1.zip: 36%
2024-04-08T13:33:42.950Z [Modules] Streaming discord_utils@1 to /home/tommi/.config/discord/0.0.47/modules/pending/discord_utils-1.zip: 38%
2024-04-08T13:33:42.950Z [Modules] Streaming discord_utils@1 to /home/tommi/.config/discord/0.0.47/modules/pending/discord_utils-1.zip: 40%
2024-04-08T13:33:42.952Z [Modules] Streaming discord_utils@1 to /home/tommi/.config/discord/0.0.47/modules/pending/discord_utils-1.zip: 44%
2024-04-08T13:33:42.952Z [Modules] Streaming discord_utils@1 to /home/tommi/.config/discord/0.0.47/modules/pending/discord_utils-1.zip: 46%
2024-04-08T13:33:42.953Z [Modules] Streaming discord_utils@1 to /home/tommi/.config/discord/0.0.47/modules/pending/discord_utils-1.zip: 48%
2024-04-08T13:33:42.953Z [Modules] Streaming discord_utils@1 to /home/tommi/.config/discord/0.0.47/modules/pending/discord_utils-1.zip: 51%
2024-04-08T13:33:42.954Z [Modules] Streaming discord_utils@1 to /home/tommi/.config/discord/0.0.47/modules/pending/discord_utils-1.zip: 53%
2024-04-08T13:33:42.954Z [Modules] Streaming discord_utils@1 to /home/tommi/.config/discord/0.0.47/modules/pending/discord_utils-1.zip: 55%
2024-04-08T13:33:42.955Z [Modules] Streaming discord_utils@1 to /home/tommi/.config/discord/0.0.47/modules/pending/discord_utils-1.zip: 57%
2024-04-08T13:33:42.955Z [Modules] Streaming discord_utils@1 to /home/tommi/.config/discord/0.0.47/modules/pending/discord_utils-1.zip: 59%
2024-04-08T13:33:42.956Z [Modules] Streaming discord_utils@1 to /home/tommi/.config/discord/0.0.47/modules/pending/discord_utils-1.zip: 61%
2024-04-08T13:33:42.957Z [Modules] Streaming discord_utils@1 to /home/tommi/.config/discord/0.0.47/modules/pending/discord_utils-1.zip: 63%
2024-04-08T13:33:42.957Z [Modules] Streaming discord_utils@1 to /home/tommi/.config/discord/0.0.47/modules/pending/discord_utils-1.zip: 65%
2024-04-08T13:33:42.958Z [Modules] Streaming discord_utils@1 to /home/tommi/.config/discord/0.0.47/modules/pending/discord_utils-1.zip: 67%
2024-04-08T13:33:42.958Z [Modules] Streaming discord_utils@1 to /home/tommi/.config/discord/0.0.47/modules/pending/discord_utils-1.zip: 68%
2024-04-08T13:33:42.959Z [Modules] Streaming discord_utils@1 to /home/tommi/.config/discord/0.0.47/modules/pending/discord_utils-1.zip: 71%
2024-04-08T13:33:42.959Z [Modules] Streaming discord_utils@1 to /home/tommi/.config/discord/0.0.47/modules/pending/discord_utils-1.zip: 73%
2024-04-08T13:33:42.960Z [Modules] Streaming discord_utils@1 to /home/tommi/.config/discord/0.0.47/modules/pending/discord_utils-1.zip: 75%
2024-04-08T13:33:42.960Z [Modules] Streaming discord_utils@1 to /home/tommi/.config/discord/0.0.47/modules/pending/discord_utils-1.zip: 77%
2024-04-08T13:33:42.961Z [Modules] Streaming discord_utils@1 to /home/tommi/.config/discord/0.0.47/modules/pending/discord_utils-1.zip: 79%
2024-04-08T13:33:42.961Z [Modules] Streaming discord_utils@1 to /home/tommi/.config/discord/0.0.47/modules/pending/discord_utils-1.zip: 81%
2024-04-08T13:33:42.962Z [Modules] Streaming discord_utils@1 to /home/tommi/.config/discord/0.0.47/modules/pending/discord_utils-1.zip: 83%
2024-04-08T13:33:42.963Z [Modules] Streaming discord_utils@1 to /home/tommi/.config/discord/0.0.47/modules/pending/discord_utils-1.zip: 85%
2024-04-08T13:33:42.963Z [Modules] Streaming discord_utils@1 to /home/tommi/.config/discord/0.0.47/modules/pending/discord_utils-1.zip: 87%
2024-04-08T13:33:42.964Z [Modules] Streaming discord_utils@1 to /home/tommi/.config/discord/0.0.47/modules/pending/discord_utils-1.zip: 90%
2024-04-08T13:33:42.964Z [Modules] Streaming discord_utils@1 to /home/tommi/.config/discord/0.0.47/modules/pending/discord_utils-1.zip: 92%
2024-04-08T13:33:42.965Z [Modules] Streaming discord_utils@1 to /home/tommi/.config/discord/0.0.47/modules/pending/discord_utils-1.zip: 94%
2024-04-08T13:33:42.966Z [Modules] Streaming discord_utils@1 to /home/tommi/.config/discord/0.0.47/modules/pending/discord_utils-1.zip: 96%
2024-04-08T13:33:42.966Z [Modules] Streaming discord_utils@1 to /home/tommi/.config/discord/0.0.47/modules/pending/discord_utils-1.zip: 98%
2024-04-08T13:33:42.966Z [Modules] Streaming discord_utils@1 to /home/tommi/.config/discord/0.0.47/modules/pending/discord_utils-1.zip: 100%
2024-04-08T13:33:42.967Z [Modules] Fetching discord_voice@1 from https://discord.com/api/modules/stable/discord_voice/1
2024-04-08T13:33:42.967Z [Modules] Streaming discord_voice@1 to /home/tommi/.config/discord/0.0.47/modules/pending/discord_voice-1.zip
2024-04-08T13:33:43.154Z [Modules] Streaming discord_voice@1 to /home/tommi/.config/discord/0.0.47/modules/pending/discord_voice-1.zip: 1%
2024-04-08T13:33:43.157Z [Modules] Streaming discord_voice@1 to /home/tommi/.config/discord/0.0.47/modules/pending/discord_voice-1.zip: 2%
2024-04-08T13:33:43.160Z [Modules] Streaming discord_voice@1 to /home/tommi/.config/discord/0.0.47/modules/pending/discord_voice-1.zip: 3%
2024-04-08T13:33:43.162Z [Modules] Streaming discord_voice@1 to /home/tommi/.config/discord/0.0.47/modules/pending/discord_voice-1.zip: 4%
2024-04-08T13:33:43.164Z [Modules] Streaming discord_voice@1 to /home/tommi/.config/discord/0.0.47/modules/pending/discord_voice-1.zip: 5%
2024-04-08T13:33:43.167Z [Modules] Streaming discord_voice@1 to /home/tommi/.config/discord/0.0.47/modules/pending/discord_voice-1.zip: 6%
2024-04-08T13:33:43.169Z [Modules] Streaming discord_voice@1 to /home/tommi/.config/discord/0.0.47/modules/pending/discord_voice-1.zip: 7%
2024-04-08T13:33:43.172Z [Modules] Streaming discord_voice@1 to /home/tommi/.config/discord/0.0.47/modules/pending/discord_voice-1.zip: 8%
2024-04-08T13:33:43.174Z [Modules] Streaming discord_voice@1 to /home/tommi/.config/discord/0.0.47/modules/pending/discord_voice-1.zip: 9%
2024-04-08T13:33:43.176Z [Modules] Streaming discord_voice@1 to /home/tommi/.config/discord/0.0.47/modules/pending/discord_voice-1.zip: 10%
2024-04-08T13:33:43.178Z [Modules] Streaming discord_voice@1 to /home/tommi/.config/discord/0.0.47/modules/pending/discord_voice-1.zip: 11%
2024-04-08T13:33:43.181Z [Modules] Streaming discord_voice@1 to /home/tommi/.config/discord/0.0.47/modules/pending/discord_voice-1.zip: 12%
2024-04-08T13:33:43.183Z [Modules] Streaming discord_voice@1 to /home/tommi/.config/discord/0.0.47/modules/pending/discord_voice-1.zip: 13%
2024-04-08T13:33:43.186Z [Modules] Streaming discord_voice@1 to /home/tommi/.config/discord/0.0.47/modules/pending/discord_voice-1.zip: 14%
2024-04-08T13:33:43.188Z [Modules] Streaming discord_voice@1 to /home/tommi/.config/discord/0.0.47/modules/pending/discord_voice-1.zip: 15%
2024-04-08T13:33:43.190Z [Modules] Streaming discord_voice@1 to /home/tommi/.config/discord/0.0.47/modules/pending/discord_voice-1.zip: 16%
2024-04-08T13:33:43.192Z [Modules] Streaming discord_voice@1 to /home/tommi/.config/discord/0.0.47/modules/pending/discord_voice-1.zip: 17%
2024-04-08T13:33:43.206Z [Modules] Streaming discord_voice@1 to /home/tommi/.config/discord/0.0.47/modules/pending/discord_voice-1.zip: 18%
2024-04-08T13:33:43.208Z [Modules] Streaming discord_voice@1 to /home/tommi/.config/discord/0.0.47/modules/pending/discord_voice-1.zip: 19%
2024-04-08T13:33:43.209Z [Modules] Streaming discord_voice@1 to /home/tommi/.config/discord/0.0.47/modules/pending/discord_voice-1.zip: 20%
2024-04-08T13:33:43.212Z [Modules] Streaming discord_voice@1 to /home/tommi/.config/discord/0.0.47/modules/pending/discord_voice-1.zip: 21%
2024-04-08T13:33:43.214Z [Modules] Streaming discord_voice@1 to /home/tommi/.config/discord/0.0.47/modules/pending/discord_voice-1.zip: 22%
2024-04-08T13:33:43.216Z [Modules] Streaming discord_voice@1 to /home/tommi/.config/discord/0.0.47/modules/pending/discord_voice-1.zip: 23%
2024-04-08T13:33:43.216Z [Modules] Streaming discord_voice@1 to /home/tommi/.config/discord/0.0.47/modules/pending/discord_voice-1.zip: 24%
2024-04-08T13:33:43.217Z [Modules] Streaming discord_voice@1 to /home/tommi/.config/discord/0.0.47/modules/pending/discord_voice-1.zip: 25%
2024-04-08T13:33:43.218Z [Modules] Streaming discord_voice@1 to /home/tommi/.config/discord/0.0.47/modules/pending/discord_voice-1.zip: 26%
2024-04-08T13:33:43.218Z [Modules] Streaming discord_voice@1 to /home/tommi/.config/discord/0.0.47/modules/pending/discord_voice-1.zip: 27%
2024-04-08T13:33:43.219Z [Modules] Streaming discord_voice@1 to /home/tommi/.config/discord/0.0.47/modules/pending/discord_voice-1.zip: 28%
2024-04-08T13:33:43.220Z [Modules] Streaming discord_voice@1 to /home/tommi/.config/discord/0.0.47/modules/pending/discord_voice-1.zip: 29%
2024-04-08T13:33:43.222Z [Modules] Streaming discord_voice@1 to /home/tommi/.config/discord/0.0.47/modules/pending/discord_voice-1.zip: 30%
2024-04-08T13:33:43.225Z [Modules] Streaming discord_voice@1 to /home/tommi/.config/discord/0.0.47/modules/pending/discord_voice-1.zip: 31%
2024-04-08T13:33:43.227Z [Modules] Streaming discord_voice@1 to /home/tommi/.config/discord/0.0.47/modules/pending/discord_voice-1.zip: 32%
2024-04-08T13:33:43.230Z [Modules] Streaming discord_voice@1 to /home/tommi/.config/discord/0.0.47/modules/pending/discord_voice-1.zip: 33%
2024-04-08T13:33:43.232Z [Modules] Streaming discord_voice@1 to /home/tommi/.config/discord/0.0.47/modules/pending/discord_voice-1.zip: 34%
2024-04-08T13:33:43.235Z [Modules] Streaming discord_voice@1 to /home/tommi/.config/discord/0.0.47/modules/pending/discord_voice-1.zip: 35%
2024-04-08T13:33:43.237Z [Modules] Streaming discord_voice@1 to /home/tommi/.config/discord/0.0.47/modules/pending/discord_voice-1.zip: 36%
2024-04-08T13:33:43.251Z [Modules] Streaming discord_voice@1 to /home/tommi/.config/discord/0.0.47/modules/pending/discord_voice-1.zip: 37%
2024-04-08T13:33:43.264Z [Modules] Streaming discord_voice@1 to /home/tommi/.config/discord/0.0.47/modules/pending/discord_voice-1.zip: 38%
2024-04-08T13:33:43.265Z [Modules] Streaming discord_voice@1 to /home/tommi/.config/discord/0.0.47/modules/pending/discord_voice-1.zip: 39%
2024-04-08T13:33:43.266Z [Modules] Streaming discord_voice@1 to /home/tommi/.config/discord/0.0.47/modules/pending/discord_voice-1.zip: 40%
2024-04-08T13:33:43.267Z [Modules] Streaming discord_voice@1 to /home/tommi/.config/discord/0.0.47/modules/pending/discord_voice-1.zip: 41%
2024-04-08T13:33:43.268Z [Modules] Streaming discord_voice@1 to /home/tommi/.config/discord/0.0.47/modules/pending/discord_voice-1.zip: 42%
2024-04-08T13:33:43.269Z [Modules] Streaming discord_voice@1 to /home/tommi/.config/discord/0.0.47/modules/pending/discord_voice-1.zip: 43%
2024-04-08T13:33:43.269Z [Modules] Streaming discord_voice@1 to /home/tommi/.config/discord/0.0.47/modules/pending/discord_voice-1.zip: 44%
2024-04-08T13:33:43.270Z [Modules] Streaming discord_voice@1 to /home/tommi/.config/discord/0.0.47/modules/pending/discord_voice-1.zip: 45%
2024-04-08T13:33:43.271Z [Modules] Streaming discord_voice@1 to /home/tommi/.config/discord/0.0.47/modules/pending/discord_voice-1.zip: 46%
2024-04-08T13:33:43.272Z [Modules] Streaming discord_voice@1 to /home/tommi/.config/discord/0.0.47/modules/pending/discord_voice-1.zip: 47%
2024-04-08T13:33:43.272Z [Modules] Streaming discord_voice@1 to /home/tommi/.config/discord/0.0.47/modules/pending/discord_voice-1.zip: 48%
2024-04-08T13:33:43.273Z [Modules] Streaming discord_voice@1 to /home/tommi/.config/discord/0.0.47/modules/pending/discord_voice-1.zip: 49%
2024-04-08T13:33:43.274Z [Modules] Streaming discord_voice@1 to /home/tommi/.config/discord/0.0.47/modules/pending/discord_voice-1.zip: 50%
2024-04-08T13:33:43.274Z [Modules] Streaming discord_voice@1 to /home/tommi/.config/discord/0.0.47/modules/pending/discord_voice-1.zip: 51%
2024-04-08T13:33:43.275Z [Modules] Streaming discord_voice@1 to /home/tommi/.config/discord/0.0.47/modules/pending/discord_voice-1.zip: 52%
2024-04-08T13:33:43.277Z [Modules] Streaming discord_voice@1 to /home/tommi/.config/discord/0.0.47/modules/pending/discord_voice-1.zip: 53%
2024-04-08T13:33:43.279Z [Modules] Streaming discord_voice@1 to /home/tommi/.config/discord/0.0.47/modules/pending/discord_voice-1.zip: 54%
2024-04-08T13:33:43.281Z [Modules] Streaming discord_voice@1 to /home/tommi/.config/discord/0.0.47/modules/pending/discord_voice-1.zip: 55%
2024-04-08T13:33:43.283Z [Modules] Streaming discord_voice@1 to /home/tommi/.config/discord/0.0.47/modules/pending/discord_voice-1.zip: 56%
2024-04-08T13:33:43.286Z [Modules] Streaming discord_voice@1 to /home/tommi/.config/discord/0.0.47/modules/pending/discord_voice-1.zip: 57%
2024-04-08T13:33:43.288Z [Modules] Streaming discord_voice@1 to /home/tommi/.config/discord/0.0.47/modules/pending/discord_voice-1.zip: 58%
2024-04-08T13:33:43.300Z [Modules] Streaming discord_voice@1 to /home/tommi/.config/discord/0.0.47/modules/pending/discord_voice-1.zip: 59%
2024-04-08T13:33:43.304Z [Modules] Streaming discord_voice@1 to /home/tommi/.config/discord/0.0.47/modules/pending/discord_voice-1.zip: 60%
2024-04-08T13:33:43.307Z [Modules] Streaming discord_voice@1 to /home/tommi/.config/discord/0.0.47/modules/pending/discord_voice-1.zip: 61%
2024-04-08T13:33:43.308Z [Modules] Streaming discord_voice@1 to /home/tommi/.config/discord/0.0.47/modules/pending/discord_voice-1.zip: 62%
2024-04-08T13:33:43.308Z [Modules] Streaming discord_voice@1 to /home/tommi/.config/discord/0.0.47/modules/pending/discord_voice-1.zip: 63%
2024-04-08T13:33:43.309Z [Modules] Streaming discord_voice@1 to /home/tommi/.config/discord/0.0.47/modules/pending/discord_voice-1.zip: 64%
2024-04-08T13:33:43.310Z [Modules] Streaming discord_voice@1 to /home/tommi/.config/discord/0.0.47/modules/pending/discord_voice-1.zip: 65%
2024-04-08T13:33:43.310Z [Modules] Streaming discord_voice@1 to /home/tommi/.config/discord/0.0.47/modules/pending/discord_voice-1.zip: 66%
2024-04-08T13:33:43.311Z [Modules] Streaming discord_voice@1 to /home/tommi/.config/discord/0.0.47/modules/pending/discord_voice-1.zip: 67%
2024-04-08T13:33:43.311Z [Modules] Streaming discord_voice@1 to /home/tommi/.config/discord/0.0.47/modules/pending/discord_voice-1.zip: 68%
2024-04-08T13:33:43.314Z [Modules] Streaming discord_voice@1 to /home/tommi/.config/discord/0.0.47/modules/pending/discord_voice-1.zip: 69%
2024-04-08T13:33:43.316Z [Modules] Streaming discord_voice@1 to /home/tommi/.config/discord/0.0.47/modules/pending/discord_voice-1.zip: 70%
2024-04-08T13:33:43.318Z [Modules] Streaming discord_voice@1 to /home/tommi/.config/discord/0.0.47/modules/pending/discord_voice-1.zip: 71%
2024-04-08T13:33:43.321Z [Modules] Streaming discord_voice@1 to /home/tommi/.config/discord/0.0.47/modules/pending/discord_voice-1.zip: 72%
2024-04-08T13:33:43.323Z [Modules] Streaming discord_voice@1 to /home/tommi/.config/discord/0.0.47/modules/pending/discord_voice-1.zip: 73%
2024-04-08T13:33:43.349Z [Modules] Streaming discord_voice@1 to /home/tommi/.config/discord/0.0.47/modules/pending/discord_voice-1.zip: 74%
2024-04-08T13:33:43.350Z [Modules] Streaming discord_voice@1 to /home/tommi/.config/discord/0.0.47/modules/pending/discord_voice-1.zip: 75%
2024-04-08T13:33:43.351Z [Modules] Streaming discord_voice@1 to /home/tommi/.config/discord/0.0.47/modules/pending/discord_voice-1.zip: 76%
2024-04-08T13:33:43.352Z [Modules] Streaming discord_voice@1 to /home/tommi/.config/discord/0.0.47/modules/pending/discord_voice-1.zip: 77%
2024-04-08T13:33:43.357Z [Modules] Streaming discord_voice@1 to /home/tommi/.config/discord/0.0.47/modules/pending/discord_voice-1.zip: 78%
2024-04-08T13:33:43.359Z [Modules] Streaming discord_voice@1 to /home/tommi/.config/discord/0.0.47/modules/pending/discord_voice-1.zip: 79%
2024-04-08T13:33:43.360Z [Modules] Streaming discord_voice@1 to /home/tommi/.config/discord/0.0.47/modules/pending/discord_voice-1.zip: 80%
2024-04-08T13:33:43.361Z [Modules] Streaming discord_voice@1 to /home/tommi/.config/discord/0.0.47/modules/pending/discord_voice-1.zip: 81%
2024-04-08T13:33:43.362Z [Modules] Streaming discord_voice@1 to /home/tommi/.config/discord/0.0.47/modules/pending/discord_voice-1.zip: 82%
2024-04-08T13:33:43.363Z [Modules] Streaming discord_voice@1 to /home/tommi/.config/discord/0.0.47/modules/pending/discord_voice-1.zip: 83%
2024-04-08T13:33:43.364Z [Modules] Streaming discord_voice@1 to /home/tommi/.config/discord/0.0.47/modules/pending/discord_voice-1.zip: 84%
2024-04-08T13:33:43.365Z [Modules] Streaming discord_voice@1 to /home/tommi/.config/discord/0.0.47/modules/pending/discord_voice-1.zip: 85%
2024-04-08T13:33:43.365Z [Modules] Streaming discord_voice@1 to /home/tommi/.config/discord/0.0.47/modules/pending/discord_voice-1.zip: 86%
2024-04-08T13:33:43.366Z [Modules] Streaming discord_voice@1 to /home/tommi/.config/discord/0.0.47/modules/pending/discord_voice-1.zip: 87%
2024-04-08T13:33:43.367Z [Modules] Streaming discord_voice@1 to /home/tommi/.config/discord/0.0.47/modules/pending/discord_voice-1.zip: 88%
2024-04-08T13:33:43.368Z [Modules] Streaming discord_voice@1 to /home/tommi/.config/discord/0.0.47/modules/pending/discord_voice-1.zip: 89%
2024-04-08T13:33:43.369Z [Modules] Streaming discord_voice@1 to /home/tommi/.config/discord/0.0.47/modules/pending/discord_voice-1.zip: 90%
2024-04-08T13:33:43.369Z [Modules] Streaming discord_voice@1 to /home/tommi/.config/discord/0.0.47/modules/pending/discord_voice-1.zip: 91%
2024-04-08T13:33:43.370Z [Modules] Streaming discord_voice@1 to /home/tommi/.config/discord/0.0.47/modules/pending/discord_voice-1.zip: 92%
2024-04-08T13:33:43.372Z [Modules] Streaming discord_voice@1 to /home/tommi/.config/discord/0.0.47/modules/pending/discord_voice-1.zip: 93%
2024-04-08T13:33:43.374Z [Modules] Streaming discord_voice@1 to /home/tommi/.config/discord/0.0.47/modules/pending/discord_voice-1.zip: 94%
2024-04-08T13:33:43.376Z [Modules] Streaming discord_voice@1 to /home/tommi/.config/discord/0.0.47/modules/pending/discord_voice-1.zip: 95%
2024-04-08T13:33:43.378Z [Modules] Streaming discord_voice@1 to /home/tommi/.config/discord/0.0.47/modules/pending/discord_voice-1.zip: 96%
2024-04-08T13:33:43.387Z [Modules] Streaming discord_voice@1 to /home/tommi/.config/discord/0.0.47/modules/pending/discord_voice-1.zip: 97%
2024-04-08T13:33:43.388Z [Modules] Streaming discord_voice@1 to /home/tommi/.config/discord/0.0.47/modules/pending/discord_voice-1.zip: 98%
2024-04-08T13:33:43.389Z [Modules] Streaming discord_voice@1 to /home/tommi/.config/discord/0.0.47/modules/pending/discord_voice-1.zip: 99%
2024-04-08T13:33:43.390Z [Modules] Streaming discord_voice@1 to /home/tommi/.config/discord/0.0.47/modules/pending/discord_voice-1.zip: 100%
2024-04-08T13:33:43.391Z [Modules] Finished module downloads. [success: 5] [failure: 0]
2024-04-08T13:33:43.391Z [Modules] Installing updates...
2024-04-08T13:33:43.391Z [Modules] Installing discord_desktop_core@1 from /home/tommi/.config/discord/0.0.47/modules/pending/discord_desktop_core-1.zip
2024-04-08T13:33:43.438Z [Modules] Installing discord_erlpack@1 from /home/tommi/.config/discord/0.0.47/modules/pending/discord_erlpack-1.zip
2024-04-08T13:33:43.469Z [Modules] Installing discord_spellcheck@1 from /home/tommi/.config/discord/0.0.47/modules/pending/discord_spellcheck-1.zip
2024-04-08T13:33:43.885Z [Modules] Installing discord_utils@1 from /home/tommi/.config/discord/0.0.47/modules/pending/discord_utils-1.zip
2024-04-08T13:33:43.961Z [Modules] Installing discord_voice@1 from /home/tommi/.config/discord/0.0.47/modules/pending/discord_voice-1.zip
2024-04-08T13:33:44.371Z [Modules] Finished module installations. [success: 5] [failure: 0]
2024-04-08T13:33:44.371Z [Modules] Checking for host updates.
2024-04-08T13:33:44.520Z [Modules] Host is up to date.
2024-04-08T13:33:44.520Z [Modules] Checking for module updates at https://discord.com/api/modules/stable/versions.json
2024-04-08T13:33:44.522Z [Modules] No module updates available.
2024-04-08T13:33:45.239Z [Modules] Starting to install discord_krisp...
2024-04-08T13:33:45.240Z [Modules] Fetching discord_krisp@1 from https://discord.com/api/modules/stable/discord_krisp/1
2024-04-08T13:33:45.240Z [Modules] Streaming discord_krisp@1 to /home/tommi/.config/discord/0.0.47/modules/pending/discord_krisp-1.zip
2024-04-08T13:33:45.245Z [Modules] Starting to install discord_game_utils...
2024-04-08T13:33:45.410Z [Modules] Streaming discord_krisp@1 to /home/tommi/.config/discord/0.0.47/modules/pending/discord_krisp-1.zip: 1%
2024-04-08T13:33:45.414Z [Modules] Streaming discord_krisp@1 to /home/tommi/.config/discord/0.0.47/modules/pending/discord_krisp-1.zip: 2%
2024-04-08T13:33:45.419Z [Modules] Streaming discord_krisp@1 to /home/tommi/.config/discord/0.0.47/modules/pending/discord_krisp-1.zip: 3%
2024-04-08T13:33:45.421Z [Modules] Streaming discord_krisp@1 to /home/tommi/.config/discord/0.0.47/modules/pending/discord_krisp-1.zip: 4%
2024-04-08T13:33:45.423Z [Modules] Streaming discord_krisp@1 to /home/tommi/.config/discord/0.0.47/modules/pending/discord_krisp-1.zip: 5%
2024-04-08T13:33:45.436Z [Modules] Streaming discord_krisp@1 to /home/tommi/.config/discord/0.0.47/modules/pending/discord_krisp-1.zip: 6%
2024-04-08T13:33:45.442Z [Modules] Streaming discord_krisp@1 to /home/tommi/.config/discord/0.0.47/modules/pending/discord_krisp-1.zip: 7%
2024-04-08T13:33:45.453Z [Modules] Streaming discord_krisp@1 to /home/tommi/.config/discord/0.0.47/modules/pending/discord_krisp-1.zip: 8%
2024-04-08T13:33:45.454Z [Modules] Streaming discord_krisp@1 to /home/tommi/.config/discord/0.0.47/modules/pending/discord_krisp-1.zip: 9%
2024-04-08T13:33:45.455Z [Modules] Streaming discord_krisp@1 to /home/tommi/.config/discord/0.0.47/modules/pending/discord_krisp-1.zip: 10%
2024-04-08T13:33:45.456Z [Modules] Streaming discord_krisp@1 to /home/tommi/.config/discord/0.0.47/modules/pending/discord_krisp-1.zip: 11%
2024-04-08T13:33:45.456Z [Modules] Streaming discord_krisp@1 to /home/tommi/.config/discord/0.0.47/modules/pending/discord_krisp-1.zip: 12%
2024-04-08T13:33:45.457Z [Modules] Streaming discord_krisp@1 to /home/tommi/.config/discord/0.0.47/modules/pending/discord_krisp-1.zip: 13%
2024-04-08T13:33:45.457Z [Modules] Streaming discord_krisp@1 to /home/tommi/.config/discord/0.0.47/modules/pending/discord_krisp-1.zip: 14%
2024-04-08T13:33:45.458Z [Modules] Streaming discord_krisp@1 to /home/tommi/.config/discord/0.0.47/modules/pending/discord_krisp-1.zip: 15%
2024-04-08T13:33:45.458Z [Modules] Streaming discord_krisp@1 to /home/tommi/.config/discord/0.0.47/modules/pending/discord_krisp-1.zip: 16%
2024-04-08T13:33:45.460Z [Modules] Streaming discord_krisp@1 to /home/tommi/.config/discord/0.0.47/modules/pending/discord_krisp-1.zip: 17%
2024-04-08T13:33:45.463Z [Modules] Streaming discord_krisp@1 to /home/tommi/.config/discord/0.0.47/modules/pending/discord_krisp-1.zip: 18%
2024-04-08T13:33:45.464Z [Modules] Streaming discord_krisp@1 to /home/tommi/.config/discord/0.0.47/modules/pending/discord_krisp-1.zip: 19%
2024-04-08T13:33:45.464Z [Modules] Streaming discord_krisp@1 to /home/tommi/.config/discord/0.0.47/modules/pending/discord_krisp-1.zip: 20%
2024-04-08T13:33:45.465Z [Modules] Streaming discord_krisp@1 to /home/tommi/.config/discord/0.0.47/modules/pending/discord_krisp-1.zip: 21%
2024-04-08T13:33:45.465Z [Modules] Streaming discord_krisp@1 to /home/tommi/.config/discord/0.0.47/modules/pending/discord_krisp-1.zip: 22%
2024-04-08T13:33:45.466Z [Modules] Streaming discord_krisp@1 to /home/tommi/.config/discord/0.0.47/modules/pending/discord_krisp-1.zip: 23%
2024-04-08T13:33:45.467Z [Modules] Streaming discord_krisp@1 to /home/tommi/.config/discord/0.0.47/modules/pending/discord_krisp-1.zip: 24%
2024-04-08T13:33:45.469Z [Modules] Streaming discord_krisp@1 to /home/tommi/.config/discord/0.0.47/modules/pending/discord_krisp-1.zip: 25%
2024-04-08T13:33:45.471Z [Modules] Streaming discord_krisp@1 to /home/tommi/.config/discord/0.0.47/modules/pending/discord_krisp-1.zip: 26%
2024-04-08T13:33:45.473Z [Modules] Streaming discord_krisp@1 to /home/tommi/.config/discord/0.0.47/modules/pending/discord_krisp-1.zip: 27%
2024-04-08T13:33:45.476Z [Modules] Streaming discord_krisp@1 to /home/tommi/.config/discord/0.0.47/modules/pending/discord_krisp-1.zip: 28%
2024-04-08T13:33:45.477Z [Modules] Streaming discord_krisp@1 to /home/tommi/.config/discord/0.0.47/modules/pending/discord_krisp-1.zip: 29%
2024-04-08T13:33:45.479Z [Modules] Streaming discord_krisp@1 to /home/tommi/.config/discord/0.0.47/modules/pending/discord_krisp-1.zip: 30%
2024-04-08T13:33:45.481Z [Modules] Streaming discord_krisp@1 to /home/tommi/.config/discord/0.0.47/modules/pending/discord_krisp-1.zip: 31%
2024-04-08T13:33:45.483Z [Modules] Streaming discord_krisp@1 to /home/tommi/.config/discord/0.0.47/modules/pending/discord_krisp-1.zip: 32%
2024-04-08T13:33:45.501Z [Modules] Streaming discord_krisp@1 to /home/tommi/.config/discord/0.0.47/modules/pending/discord_krisp-1.zip: 33%
2024-04-08T13:33:45.522Z [Modules] Streaming discord_krisp@1 to /home/tommi/.config/discord/0.0.47/modules/pending/discord_krisp-1.zip: 34%
2024-04-08T13:33:45.523Z [Modules] Streaming discord_krisp@1 to /home/tommi/.config/discord/0.0.47/modules/pending/discord_krisp-1.zip: 35%
2024-04-08T13:33:45.524Z [Modules] Streaming discord_krisp@1 to /home/tommi/.config/discord/0.0.47/modules/pending/discord_krisp-1.zip: 36%
2024-04-08T13:33:45.524Z [Modules] Streaming discord_krisp@1 to /home/tommi/.config/discord/0.0.47/modules/pending/discord_krisp-1.zip: 37%
2024-04-08T13:33:45.525Z [Modules] Streaming discord_krisp@1 to /home/tommi/.config/discord/0.0.47/modules/pending/discord_krisp-1.zip: 38%
2024-04-08T13:33:45.526Z [Modules] Streaming discord_krisp@1 to /home/tommi/.config/discord/0.0.47/modules/pending/discord_krisp-1.zip: 39%
2024-04-08T13:33:45.526Z [Modules] Streaming discord_krisp@1 to /home/tommi/.config/discord/0.0.47/modules/pending/discord_krisp-1.zip: 40%
2024-04-08T13:33:45.527Z [Modules] Streaming discord_krisp@1 to /home/tommi/.config/discord/0.0.47/modules/pending/discord_krisp-1.zip: 41%
2024-04-08T13:33:45.528Z [Modules] Streaming discord_krisp@1 to /home/tommi/.config/discord/0.0.47/modules/pending/discord_krisp-1.zip: 42%
2024-04-08T13:33:45.528Z [Modules] Streaming discord_krisp@1 to /home/tommi/.config/discord/0.0.47/modules/pending/discord_krisp-1.zip: 43%
2024-04-08T13:33:45.565Z [Modules] Streaming discord_krisp@1 to /home/tommi/.config/discord/0.0.47/modules/pending/discord_krisp-1.zip: 44%
2024-04-08T13:33:45.584Z [Modules] Streaming discord_krisp@1 to /home/tommi/.config/discord/0.0.47/modules/pending/discord_krisp-1.zip: 45%
2024-04-08T13:33:45.585Z [Modules] Streaming discord_krisp@1 to /home/tommi/.config/discord/0.0.47/modules/pending/discord_krisp-1.zip: 46%
2024-04-08T13:33:45.600Z [Modules] Streaming discord_krisp@1 to /home/tommi/.config/discord/0.0.47/modules/pending/discord_krisp-1.zip: 47%
2024-04-08T13:33:45.601Z [Modules] Streaming discord_krisp@1 to /home/tommi/.config/discord/0.0.47/modules/pending/discord_krisp-1.zip: 48%
2024-04-08T13:33:45.602Z [Modules] Streaming discord_krisp@1 to /home/tommi/.config/discord/0.0.47/modules/pending/discord_krisp-1.zip: 49%
2024-04-08T13:33:45.603Z [Modules] Streaming discord_krisp@1 to /home/tommi/.config/discord/0.0.47/modules/pending/discord_krisp-1.zip: 50%
2024-04-08T13:33:45.610Z [Modules] Streaming discord_krisp@1 to /home/tommi/.config/discord/0.0.47/modules/pending/discord_krisp-1.zip: 51%
2024-04-08T13:33:45.611Z [Modules] Streaming discord_krisp@1 to /home/tommi/.config/discord/0.0.47/modules/pending/discord_krisp-1.zip: 52%
2024-04-08T13:33:45.611Z [Modules] Streaming discord_krisp@1 to /home/tommi/.config/discord/0.0.47/modules/pending/discord_krisp-1.zip: 53%
2024-04-08T13:33:45.612Z [Modules] Streaming discord_krisp@1 to /home/tommi/.config/discord/0.0.47/modules/pending/discord_krisp-1.zip: 54%
2024-04-08T13:33:45.612Z [Modules] Streaming discord_krisp@1 to /home/tommi/.config/discord/0.0.47/modules/pending/discord_krisp-1.zip: 55%
2024-04-08T13:33:45.613Z [Modules] Streaming discord_krisp@1 to /home/tommi/.config/discord/0.0.47/modules/pending/discord_krisp-1.zip: 56%
2024-04-08T13:33:45.613Z [Modules] Streaming discord_krisp@1 to /home/tommi/.config/discord/0.0.47/modules/pending/discord_krisp-1.zip: 57%
2024-04-08T13:33:45.614Z [Modules] Streaming discord_krisp@1 to /home/tommi/.config/discord/0.0.47/modules/pending/discord_krisp-1.zip: 58%
2024-04-08T13:33:45.614Z [Modules] Streaming discord_krisp@1 to /home/tommi/.config/discord/0.0.47/modules/pending/discord_krisp-1.zip: 59%
2024-04-08T13:33:45.615Z [Modules] Streaming discord_krisp@1 to /home/tommi/.config/discord/0.0.47/modules/pending/discord_krisp-1.zip: 60%
2024-04-08T13:33:45.615Z [Modules] Streaming discord_krisp@1 to /home/tommi/.config/discord/0.0.47/modules/pending/discord_krisp-1.zip: 61%
2024-04-08T13:33:45.616Z [Modules] Streaming discord_krisp@1 to /home/tommi/.config/discord/0.0.47/modules/pending/discord_krisp-1.zip: 62%
2024-04-08T13:33:45.617Z [Modules] Streaming discord_krisp@1 to /home/tommi/.config/discord/0.0.47/modules/pending/discord_krisp-1.zip: 63%
2024-04-08T13:33:45.617Z [Modules] Streaming discord_krisp@1 to /home/tommi/.config/discord/0.0.47/modules/pending/discord_krisp-1.zip: 64%
2024-04-08T13:33:45.618Z [Modules] Streaming discord_krisp@1 to /home/tommi/.config/discord/0.0.47/modules/pending/discord_krisp-1.zip: 65%
2024-04-08T13:33:45.618Z [Modules] Streaming discord_krisp@1 to /home/tommi/.config/discord/0.0.47/modules/pending/discord_krisp-1.zip: 66%
2024-04-08T13:33:45.619Z [Modules] Streaming discord_krisp@1 to /home/tommi/.config/discord/0.0.47/modules/pending/discord_krisp-1.zip: 67%
2024-04-08T13:33:45.620Z [Modules] Streaming discord_krisp@1 to /home/tommi/.config/discord/0.0.47/modules/pending/discord_krisp-1.zip: 68%
2024-04-08T13:33:45.620Z [Modules] Streaming discord_krisp@1 to /home/tommi/.config/discord/0.0.47/modules/pending/discord_krisp-1.zip: 69%
2024-04-08T13:33:45.621Z [Modules] Streaming discord_krisp@1 to /home/tommi/.config/discord/0.0.47/modules/pending/discord_krisp-1.zip: 70%
2024-04-08T13:33:45.621Z [Modules] Streaming discord_krisp@1 to /home/tommi/.config/discord/0.0.47/modules/pending/discord_krisp-1.zip: 71%
2024-04-08T13:33:45.622Z [Modules] Streaming discord_krisp@1 to /home/tommi/.config/discord/0.0.47/modules/pending/discord_krisp-1.zip: 72%
2024-04-08T13:33:45.624Z [Modules] Streaming discord_krisp@1 to /home/tommi/.config/discord/0.0.47/modules/pending/discord_krisp-1.zip: 73%
2024-04-08T13:33:45.626Z [Modules] Streaming discord_krisp@1 to /home/tommi/.config/discord/0.0.47/modules/pending/discord_krisp-1.zip: 74%
2024-04-08T13:33:45.628Z [Modules] Streaming discord_krisp@1 to /home/tommi/.config/discord/0.0.47/modules/pending/discord_krisp-1.zip: 75%
2024-04-08T13:33:45.630Z [Modules] Streaming discord_krisp@1 to /home/tommi/.config/discord/0.0.47/modules/pending/discord_krisp-1.zip: 76%
2024-04-08T13:33:45.632Z [Modules] Streaming discord_krisp@1 to /home/tommi/.config/discord/0.0.47/modules/pending/discord_krisp-1.zip: 77%
2024-04-08T13:33:45.634Z [Modules] Streaming discord_krisp@1 to /home/tommi/.config/discord/0.0.47/modules/pending/discord_krisp-1.zip: 78%
2024-04-08T13:33:45.636Z [Modules] Streaming discord_krisp@1 to /home/tommi/.config/discord/0.0.47/modules/pending/discord_krisp-1.zip: 79%
2024-04-08T13:33:45.638Z [Modules] Streaming discord_krisp@1 to /home/tommi/.config/discord/0.0.47/modules/pending/discord_krisp-1.zip: 80%
2024-04-08T13:33:45.640Z [Modules] Streaming discord_krisp@1 to /home/tommi/.config/discord/0.0.47/modules/pending/discord_krisp-1.zip: 81%
2024-04-08T13:33:45.642Z [Modules] Streaming discord_krisp@1 to /home/tommi/.config/discord/0.0.47/modules/pending/discord_krisp-1.zip: 82%
2024-04-08T13:33:45.644Z [Modules] Streaming discord_krisp@1 to /home/tommi/.config/discord/0.0.47/modules/pending/discord_krisp-1.zip: 83%
2024-04-08T13:33:45.646Z [Modules] Streaming discord_krisp@1 to /home/tommi/.config/discord/0.0.47/modules/pending/discord_krisp-1.zip: 84%
2024-04-08T13:33:45.655Z [Modules] Streaming discord_krisp@1 to /home/tommi/.config/discord/0.0.47/modules/pending/discord_krisp-1.zip: 85%
2024-04-08T13:33:45.656Z [Modules] Streaming discord_krisp@1 to /home/tommi/.config/discord/0.0.47/modules/pending/discord_krisp-1.zip: 86%
2024-04-08T13:33:45.656Z [Modules] Streaming discord_krisp@1 to /home/tommi/.config/discord/0.0.47/modules/pending/discord_krisp-1.zip: 87%
2024-04-08T13:33:45.658Z [Modules] Streaming discord_krisp@1 to /home/tommi/.config/discord/0.0.47/modules/pending/discord_krisp-1.zip: 88%
2024-04-08T13:33:45.659Z [Modules] Streaming discord_krisp@1 to /home/tommi/.config/discord/0.0.47/modules/pending/discord_krisp-1.zip: 89%
2024-04-08T13:33:45.660Z [Modules] Streaming discord_krisp@1 to /home/tommi/.config/discord/0.0.47/modules/pending/discord_krisp-1.zip: 90%
2024-04-08T13:33:45.661Z [Modules] Streaming discord_krisp@1 to /home/tommi/.config/discord/0.0.47/modules/pending/discord_krisp-1.zip: 91%
2024-04-08T13:33:45.662Z [Modules] Streaming discord_krisp@1 to /home/tommi/.config/discord/0.0.47/modules/pending/discord_krisp-1.zip: 92%
2024-04-08T13:33:45.664Z [Modules] Streaming discord_krisp@1 to /home/tommi/.config/discord/0.0.47/modules/pending/discord_krisp-1.zip: 93%
2024-04-08T13:33:45.666Z [Modules] Streaming discord_krisp@1 to /home/tommi/.config/discord/0.0.47/modules/pending/discord_krisp-1.zip: 94%
2024-04-08T13:33:45.668Z [Modules] Streaming discord_krisp@1 to /home/tommi/.config/discord/0.0.47/modules/pending/discord_krisp-1.zip: 95%
2024-04-08T13:33:45.671Z [Modules] Streaming discord_krisp@1 to /home/tommi/.config/discord/0.0.47/modules/pending/discord_krisp-1.zip: 96%
2024-04-08T13:33:45.673Z [Modules] Streaming discord_krisp@1 to /home/tommi/.config/discord/0.0.47/modules/pending/discord_krisp-1.zip: 97%
2024-04-08T13:33:45.676Z [Modules] Streaming discord_krisp@1 to /home/tommi/.config/discord/0.0.47/modules/pending/discord_krisp-1.zip: 98%
2024-04-08T13:33:45.678Z [Modules] Streaming discord_krisp@1 to /home/tommi/.config/discord/0.0.47/modules/pending/discord_krisp-1.zip: 99%
2024-04-08T13:33:45.681Z [Modules] Streaming discord_krisp@1 to /home/tommi/.config/discord/0.0.47/modules/pending/discord_krisp-1.zip: 100%
2024-04-08T13:33:45.681Z [Modules] Fetching discord_game_utils@1 from https://discord.com/api/modules/stable/discord_game_utils/1
2024-04-08T13:33:45.682Z [Modules] Streaming discord_game_utils@1 to /home/tommi/.config/discord/0.0.47/modules/pending/discord_game_utils-1.zip
2024-04-08T13:33:45.682Z [Modules] Installing discord_krisp@1 from /home/tommi/.config/discord/0.0.47/modules/pending/discord_krisp-1.zip
2024-04-08T13:33:45.728Z [Modules] Checking for host updates.
2024-04-08T13:33:45.797Z [Modules] Starting to install discord_rpc...
2024-04-08T13:33:45.854Z [Modules] Streaming discord_game_utils@1 to /home/tommi/.config/discord/0.0.47/modules/pending/discord_game_utils-1.zip: 11%
2024-04-08T13:33:45.854Z [Modules] Streaming discord_game_utils@1 to /home/tommi/.config/discord/0.0.47/modules/pending/discord_game_utils-1.zip: 16%
2024-04-08T13:33:45.855Z [Modules] Streaming discord_game_utils@1 to /home/tommi/.config/discord/0.0.47/modules/pending/discord_game_utils-1.zip: 19%
2024-04-08T13:33:45.856Z [Modules] Streaming discord_game_utils@1 to /home/tommi/.config/discord/0.0.47/modules/pending/discord_game_utils-1.zip: 24%
2024-04-08T13:33:45.857Z [Modules] Streaming discord_game_utils@1 to /home/tommi/.config/discord/0.0.47/modules/pending/discord_game_utils-1.zip: 29%
2024-04-08T13:33:45.858Z [Modules] Streaming discord_game_utils@1 to /home/tommi/.config/discord/0.0.47/modules/pending/discord_game_utils-1.zip: 32%
2024-04-08T13:33:45.858Z [Modules] Streaming discord_game_utils@1 to /home/tommi/.config/discord/0.0.47/modules/pending/discord_game_utils-1.zip: 34%
2024-04-08T13:33:45.859Z [Modules] Streaming discord_game_utils@1 to /home/tommi/.config/discord/0.0.47/modules/pending/discord_game_utils-1.zip: 37%
2024-04-08T13:33:45.859Z [Modules] Streaming discord_game_utils@1 to /home/tommi/.config/discord/0.0.47/modules/pending/discord_game_utils-1.zip: 40%
2024-04-08T13:33:45.860Z [Modules] Streaming discord_game_utils@1 to /home/tommi/.config/discord/0.0.47/modules/pending/discord_game_utils-1.zip: 42%
2024-04-08T13:33:45.860Z [Modules] Streaming discord_game_utils@1 to /home/tommi/.config/discord/0.0.47/modules/pending/discord_game_utils-1.zip: 45%
2024-04-08T13:33:45.861Z [Modules] Streaming discord_game_utils@1 to /home/tommi/.config/discord/0.0.47/modules/pending/discord_game_utils-1.zip: 47%
2024-04-08T13:33:45.861Z [Modules] Streaming discord_game_utils@1 to /home/tommi/.config/discord/0.0.47/modules/pending/discord_game_utils-1.zip: 50%
2024-04-08T13:33:45.862Z [Modules] Streaming discord_game_utils@1 to /home/tommi/.config/discord/0.0.47/modules/pending/discord_game_utils-1.zip: 53%
2024-04-08T13:33:45.862Z [Modules] Streaming discord_game_utils@1 to /home/tommi/.config/discord/0.0.47/modules/pending/discord_game_utils-1.zip: 55%
2024-04-08T13:33:45.863Z [Modules] Streaming discord_game_utils@1 to /home/tommi/.config/discord/0.0.47/modules/pending/discord_game_utils-1.zip: 58%
2024-04-08T13:33:45.864Z [Modules] Streaming discord_game_utils@1 to /home/tommi/.config/discord/0.0.47/modules/pending/discord_game_utils-1.zip: 60%
2024-04-08T13:33:45.864Z [Modules] Streaming discord_game_utils@1 to /home/tommi/.config/discord/0.0.47/modules/pending/discord_game_utils-1.zip: 63%
2024-04-08T13:33:45.865Z [Modules] Streaming discord_game_utils@1 to /home/tommi/.config/discord/0.0.47/modules/pending/discord_game_utils-1.zip: 65%
2024-04-08T13:33:45.865Z [Modules] Streaming discord_game_utils@1 to /home/tommi/.config/discord/0.0.47/modules/pending/discord_game_utils-1.zip: 68%
2024-04-08T13:33:45.866Z [Modules] Streaming discord_game_utils@1 to /home/tommi/.config/discord/0.0.47/modules/pending/discord_game_utils-1.zip: 71%
2024-04-08T13:33:45.866Z [Modules] Streaming discord_game_utils@1 to /home/tommi/.config/discord/0.0.47/modules/pending/discord_game_utils-1.zip: 73%
2024-04-08T13:33:45.867Z [Modules] Streaming discord_game_utils@1 to /home/tommi/.config/discord/0.0.47/modules/pending/discord_game_utils-1.zip: 76%
2024-04-08T13:33:45.868Z [Modules] Streaming discord_game_utils@1 to /home/tommi/.config/discord/0.0.47/modules/pending/discord_game_utils-1.zip: 78%
2024-04-08T13:33:45.868Z [Modules] Streaming discord_game_utils@1 to /home/tommi/.config/discord/0.0.47/modules/pending/discord_game_utils-1.zip: 81%
2024-04-08T13:33:45.869Z [Modules] Streaming discord_game_utils@1 to /home/tommi/.config/discord/0.0.47/modules/pending/discord_game_utils-1.zip: 82%
2024-04-08T13:33:45.869Z [Modules] Streaming discord_game_utils@1 to /home/tommi/.config/discord/0.0.47/modules/pending/discord_game_utils-1.zip: 84%
2024-04-08T13:33:45.869Z [Modules] Streaming discord_game_utils@1 to /home/tommi/.config/discord/0.0.47/modules/pending/discord_game_utils-1.zip: 85%
2024-04-08T13:33:45.870Z [Modules] Streaming discord_game_utils@1 to /home/tommi/.config/discord/0.0.47/modules/pending/discord_game_utils-1.zip: 87%
2024-04-08T13:33:45.870Z [Modules] Streaming discord_game_utils@1 to /home/tommi/.config/discord/0.0.47/modules/pending/discord_game_utils-1.zip: 90%
2024-04-08T13:33:45.871Z [Modules] Streaming discord_game_utils@1 to /home/tommi/.config/discord/0.0.47/modules/pending/discord_game_utils-1.zip: 93%
2024-04-08T13:33:45.871Z [Modules] Streaming discord_game_utils@1 to /home/tommi/.config/discord/0.0.47/modules/pending/discord_game_utils-1.zip: 95%
2024-04-08T13:33:45.872Z [Modules] Streaming discord_game_utils@1 to /home/tommi/.config/discord/0.0.47/modules/pending/discord_game_utils-1.zip: 98%
2024-04-08T13:33:45.872Z [Modules] Streaming discord_game_utils@1 to /home/tommi/.config/discord/0.0.47/modules/pending/discord_game_utils-1.zip: 100%
2024-04-08T13:33:45.873Z [Modules] Fetching discord_rpc@1 from https://discord.com/api/modules/stable/discord_rpc/1
2024-04-08T13:33:45.873Z [Modules] Streaming discord_rpc@1 to /home/tommi/.config/discord/0.0.47/modules/pending/discord_rpc-1.zip
2024-04-08T13:33:45.876Z [Modules] Host is up to date.
2024-04-08T13:33:45.876Z [Modules] Checking for module updates at https://discord.com/api/modules/stable/versions.json
2024-04-08T13:33:45.877Z [Modules] No module updates available.
2024-04-08T13:33:46.107Z [Modules] Streaming discord_rpc@1 to /home/tommi/.config/discord/0.0.47/modules/pending/discord_rpc-1.zip: 100%
2024-04-08T13:33:46.107Z [Modules] Finished module downloads. [success: 3] [failure: 0]
2024-04-08T13:33:46.123Z [Modules] Installing discord_game_utils@1 from /home/tommi/.config/discord/0.0.47/modules/pending/discord_game_utils-1.zip
2024-04-08T13:33:46.164Z [Modules] Installing discord_rpc@1 from /home/tommi/.config/discord/0.0.47/modules/pending/discord_rpc-1.zip
2024-04-08T13:33:46.175Z [Modules] Finished module installations. [success: 3] [failure: 0]
2024-04-08T14:09:30.057Z [Modules] Modules initializing
2024-04-08T14:09:30.057Z [Modules] Distribution: remote
2024-04-08T14:09:30.057Z [Modules] Host updates: enabled
2024-04-08T14:09:30.057Z [Modules] Module updates: enabled
2024-04-08T14:09:30.057Z [Modules] Module install path: /home/tommi/.config/discord/0.0.47/modules
2024-04-08T14:09:30.058Z [Modules] Module installed file path: /home/tommi/.config/discord/0.0.47/modules/installed.json
2024-04-08T14:09:30.058Z [Modules] Module download path: /home/tommi/.config/discord/0.0.47/modules/pending
2024-04-08T14:09:30.279Z [Modules] No updates to install
2024-04-08T14:09:30.279Z [Modules] Checking for host updates.
2024-04-08T14:09:30.475Z [Modules] Host is up to date.
2024-04-08T14:09:30.475Z [Modules] Checking for module updates at https://discord.com/api/modules/stable/versions.json
2024-04-08T14:09:30.495Z [Modules] No module updates available.
2024-04-08T14:09:31.983Z [Modules] Checking for host updates.
2024-04-08T14:09:32.163Z [Modules] Host is up to date.
2024-04-08T14:09:32.164Z [Modules] Checking for module updates at https://discord.com/api/modules/stable/versions.json
2024-04-08T14:09:32.166Z [Modules] No module updates available.
2024-04-08T14:25:13.619Z [Modules] Modules initializing
2024-04-08T14:25:13.621Z [Modules] Distribution: remote
2024-04-08T14:25:13.621Z [Modules] Host updates: enabled
2024-04-08T14:25:13.621Z [Modules] Module updates: enabled
2024-04-08T14:25:13.621Z [Modules] Module install path: /home/tommi/.config/discord/0.0.47/modules
2024-04-08T14:25:13.621Z [Modules] Module installed file path: /home/tommi/.config/discord/0.0.47/modules/installed.json
2024-04-08T14:25:13.621Z [Modules] Module download path: /home/tommi/.config/discord/0.0.47/modules/pending
2024-04-08T14:25:13.842Z [Modules] No updates to install
2024-04-08T14:25:13.842Z [Modules] Checking for host updates.
2024-04-08T14:25:14.031Z [Modules] Host is up to date.
2024-04-08T14:25:14.032Z [Modules] Checking for module updates at https://discord.com/api/modules/stable/versions.json
2024-04-08T14:25:14.050Z [Modules] No module updates available.
2024-04-08T14:25:15.509Z [Modules] Checking for host updates.
2024-04-08T14:25:15.694Z [Modules] Host is up to date.
2024-04-08T14:25:15.694Z [Modules] Checking for module updates at https://discord.com/api/modules/stable/versions.json
2024-04-08T14:25:15.696Z [Modules] No module updates available.
2024-04-08T14:43:07.709Z [Modules] Modules initializing
2024-04-08T14:43:07.709Z [Modules] Distribution: remote
2024-04-08T14:43:07.709Z [Modules] Host updates: enabled
2024-04-08T14:43:07.709Z [Modules] Module updates: enabled
2024-04-08T14:43:07.709Z [Modules] Module install path: /home/tommi/.config/discord/0.0.47/modules
2024-04-08T14:43:07.709Z [Modules] Module installed file path: /home/tommi/.config/discord/0.0.47/modules/installed.json
2024-04-08T14:43:07.710Z [Modules] Module download path: /home/tommi/.config/discord/0.0.47/modules/pending
2024-04-08T14:43:07.935Z [Modules] No updates to install
2024-04-08T14:43:07.935Z [Modules] Checking for host updates.
2024-04-08T14:43:08.128Z [Modules] Host is up to date.
2024-04-08T14:43:08.128Z [Modules] Checking for module updates at https://discord.com/api/modules/stable/versions.json
2024-04-08T14:43:08.145Z [Modules] No module updates available.
2024-04-08T14:43:09.596Z [Modules] Checking for host updates.
2024-04-08T14:43:09.759Z [Modules] Host is up to date.
2024-04-08T14:43:09.759Z [Modules] Checking for module updates at https://discord.com/api/modules/stable/versions.json
2024-04-08T14:43:09.761Z [Modules] No module updates available.
2024-04-08T14:48:20.383Z [Modules] Modules initializing
2024-04-08T14:48:20.383Z [Modules] Distribution: remote
2024-04-08T14:48:20.383Z [Modules] Host updates: enabled
2024-04-08T14:48:20.383Z [Modules] Module updates: enabled
2024-04-08T14:48:20.383Z [Modules] Module install path: /home/tommi/.config/discord/0.0.47/modules
2024-04-08T14:48:20.383Z [Modules] Module installed file path: /home/tommi/.config/discord/0.0.47/modules/installed.json
2024-04-08T14:48:20.383Z [Modules] Module download path: /home/tommi/.config/discord/0.0.47/modules/pending
2024-04-08T14:48:20.597Z [Modules] No updates to install
2024-04-08T14:48:20.598Z [Modules] Checking for host updates.
2024-04-08T14:48:20.807Z [Modules] Host is up to date.
2024-04-08T14:48:20.807Z [Modules] Checking for module updates at https://discord.com/api/modules/stable/versions.json
2024-04-08T14:48:20.826Z [Modules] No module updates available.
2024-04-08T14:48:22.237Z [Modules] Checking for host updates.
2024-04-08T14:48:22.393Z [Modules] Host is up to date.
2024-04-08T14:48:22.393Z [Modules] Checking for module updates at https://discord.com/api/modules/stable/versions.json
2024-04-08T14:48:22.395Z [Modules] No module updates available.
