2024-04-08T13:33:41.594Z 0: 

----------------------------------------------
2024-04-08T13:33:41.602Z 1: Discord starting: {"releaseChannel":"stable","version":"0.0.47"}, modulepath: /home/tommi/.config/discord/0.0.47/modules
2024-04-08T13:33:41.605Z 2: ✅ webContents.created web1 ""
2024-04-08T13:33:41.606Z 3: ✅ window.created win1 "discord"
2024-04-08T13:33:41.853Z 4: ✅ webContents.did-finish-load web1
2024-04-08T13:33:44.571Z 5: ✅ webContents.created web2 ""
2024-04-08T13:33:44.573Z 6: ✅ window.created win2 "Discord"
2024-04-08T13:33:45.852Z 7: ✅ webContents.did-finish-load web2
2024-04-08T13:33:45.951Z 8: window.close win1
2024-04-08T13:33:46.095Z 9: webContents.destroyed web1
2024-04-08T13:33:46.096Z 10: window.closed win1
2024-04-08T13:44:16.663Z 11: before-quit
2024-04-08T14:09:30.091Z 0: 

----------------------------------------------
2024-04-08T14:09:30.106Z 1: Discord starting: {"releaseChannel":"stable","version":"0.0.47"}, modulepath: /home/tommi/.config/discord/0.0.47/modules
2024-04-08T14:09:30.108Z 2: ✅ webContents.created web1 ""
2024-04-08T14:09:30.111Z 3: ✅ window.created win1 "discord"
2024-04-08T14:09:30.355Z 4: ✅ webContents.did-finish-load web1
2024-04-08T14:09:30.550Z 5: ✅ webContents.created web2 ""
2024-04-08T14:09:30.551Z 6: ✅ window.created win2 "Discord"
2024-04-08T14:09:32.121Z 7: ✅ webContents.did-finish-load web2
2024-04-08T14:09:32.221Z 8: window.close win1
2024-04-08T14:09:32.240Z 9: webContents.destroyed web1
2024-04-08T14:09:32.241Z 10: window.closed win1
2024-04-08T14:23:23.993Z 11: before-quit
2024-04-08T14:25:13.657Z 0: 

----------------------------------------------
2024-04-08T14:25:13.665Z 1: Discord starting: {"releaseChannel":"stable","version":"0.0.47"}, modulepath: /home/tommi/.config/discord/0.0.47/modules
2024-04-08T14:25:13.675Z 2: ✅ webContents.created web1 ""
2024-04-08T14:25:13.677Z 3: ✅ window.created win1 "discord"
2024-04-08T14:25:13.911Z 4: ✅ webContents.did-finish-load web1
2024-04-08T14:25:14.124Z 5: ✅ webContents.created web2 ""
2024-04-08T14:25:14.126Z 6: ✅ window.created win2 "Discord"
2024-04-08T14:25:15.615Z 7: ✅ webContents.did-finish-load web2
2024-04-08T14:25:15.713Z 8: window.close win1
2024-04-08T14:25:15.722Z 9: webContents.destroyed web1
2024-04-08T14:25:15.723Z 10: window.closed win1
2024-04-08T14:42:02.559Z 11: before-quit
2024-04-08T14:43:07.743Z 0: 

----------------------------------------------
2024-04-08T14:43:07.751Z 1: Discord starting: {"releaseChannel":"stable","version":"0.0.47"}, modulepath: /home/tommi/.config/discord/0.0.47/modules
2024-04-08T14:43:07.760Z 2: ✅ webContents.created web1 ""
2024-04-08T14:43:07.763Z 3: ✅ window.created win1 "discord"
2024-04-08T14:43:08.005Z 4: ✅ webContents.did-finish-load web1
2024-04-08T14:43:08.201Z 5: ✅ webContents.created web2 ""
2024-04-08T14:43:08.203Z 6: ✅ window.created win2 "Discord"
2024-04-08T14:43:09.701Z 7: ✅ webContents.did-finish-load web2
2024-04-08T14:43:09.801Z 8: window.close win1
2024-04-08T14:43:09.820Z 9: webContents.destroyed web1
2024-04-08T14:43:09.821Z 10: window.closed win1
2024-04-08T14:48:20.411Z 0: 

----------------------------------------------
2024-04-08T14:48:20.419Z 1: Discord starting: {"releaseChannel":"stable","version":"0.0.47"}, modulepath: /home/tommi/.config/discord/0.0.47/modules
2024-04-08T14:48:20.427Z 2: ✅ webContents.created web1 ""
2024-04-08T14:48:20.428Z 3: ✅ window.created win1 "discord"
2024-04-08T14:48:20.673Z 4: ✅ webContents.did-finish-load web1
2024-04-08T14:48:20.893Z 5: ✅ webContents.created web2 ""
2024-04-08T14:48:20.894Z 6: ✅ window.created win2 "Discord"
2024-04-08T14:48:22.337Z 7: ✅ webContents.did-finish-load web2
2024-04-08T14:48:22.437Z 8: window.close win1
2024-04-08T14:48:22.452Z 9: webContents.destroyed web1
2024-04-08T14:48:22.453Z 10: window.closed win1
