INFO: 2024-04-08 16:47:22,228: main() 'Using profile folder /home/tommi/.config/variety/'
INFO: 2024-04-08 16:47:22,229: prepare_config_folder() 'Missing config file, copying it from /usr/share/variety/config/variety.conf'
INFO: 2024-04-08 16:47:22,229: prepare_config_folder() 'Missing ui.conf file, copying it from /usr/share/variety/config/ui.conf'
INFO: 2024-04-08 16:47:22,229: makedirs() 'Creating folder /home/tommi/.config/variety/plugins'
INFO: 2024-04-08 16:47:22,229: makedirs() 'Creating folder /home/tommi/.config/variety/scripts'
INFO: 2024-04-08 16:47:22,229: prepare_config_folder() 'Missing set_wallpaper file, copying it from /usr/share/variety/scripts/set_wallpaper'
INFO: 2024-04-08 16:47:22,229: prepare_config_folder() 'Missing get_wallpaper file, copying it from /usr/share/variety/scripts/get_wallpaper'
INFO: 2024-04-08 16:47:22,229: makedirs() 'Creating folder /home/tommi/.config/variety/wallpaper'
INFO: 2024-04-08 16:47:27,152: write_current_version() 'Writing current version 0.8.12 to .version'
INFO: 2024-04-08 16:47:27,152: perform_upgrade() 'Last run version was 0.8.12 or earlier, current version is 0.8.12'
INFO: 2024-04-08 16:47:27,208: process_command() 'Received command: []'
INFO: 2024-04-08 16:47:27,209: start() 'Using data_path /usr/share/variety'
INFO: 2024-04-08 16:47:27,209: load() 'Jumble loading'
INFO: 2024-04-08 16:47:27,209: _walk_modules() 'Jumble loading module in __init__ from /usr/lib/python3.11/site-packages/variety/plugins/builtin/__init__.py'
INFO: 2024-04-08 16:47:27,210: _walk_modules() 'Jumble loading module in GnomeDisplayModesPlugin from /usr/lib/python3.11/site-packages/variety/plugins/builtin/display_modes/GnomeDisplayModesPlugin.py'
INFO: 2024-04-08 16:47:27,210: load() 'Jumble found plugin class: <class 'GnomeDisplayModesPlugin.GnomeDisplayModesPlugin'>: {'name': 'GnomeDisplayModesPlugin', 'description': 'Display modes relying on the underlying desktop environment', 'version': '1.0', 'author': 'Peter Levi'}'
INFO: 2024-04-08 16:47:27,210: _walk_modules() 'Jumble loading module in LegacyDisplayModesPlugin from /usr/lib/python3.11/site-packages/variety/plugins/builtin/display_modes/LegacyDisplayModesPlugin.py'
INFO: 2024-04-08 16:47:27,210: load() 'Jumble found plugin class: <class 'LegacyDisplayModesPlugin.LegacyDisplayModesPlugin'>: {'name': 'LegacyDisplayModesPlugin', 'description': 'Legacy display mode for compatibility with past Variety versions', 'version': '1.0', 'author': 'Peter Levi'}'
INFO: 2024-04-08 16:47:27,210: _walk_modules() 'Jumble loading module in ResizingDisplayModesPlugin from /usr/lib/python3.11/site-packages/variety/plugins/builtin/display_modes/ResizingDisplayModesPlugin.py'
INFO: 2024-04-08 16:47:27,210: load() 'Jumble found plugin class: <class 'ResizingDisplayModesPlugin.ResizingDisplayModesPlugin'>: {'name': 'ResizingDisplayModesPlugin', 'description': 'Display modes that use image resizing within Variety', 'version': '1.0', 'author': 'Peter Levi'}'
INFO: 2024-04-08 16:47:27,210: _walk_modules() 'Jumble loading module in __init__ from /usr/lib/python3.11/site-packages/variety/plugins/builtin/display_modes/__init__.py'
INFO: 2024-04-08 16:47:27,210: _walk_modules() 'Jumble loading module in APODDownloader from /usr/lib/python3.11/site-packages/variety/plugins/builtin/downloaders/APODDownloader.py'
INFO: 2024-04-08 16:47:27,210: load() 'Jumble found plugin class: <class 'APODDownloader.APODDownloader'>: {'name': 'APODDownloader', 'description': 'NASA Astro Pic of the Day', 'author': 'Peter Levi', 'version': '0.1'}'
INFO: 2024-04-08 16:47:27,210: _walk_modules() 'Jumble loading module in ArtStationDownloader from /usr/lib/python3.11/site-packages/variety/plugins/builtin/downloaders/ArtStationDownloader.py'
INFO: 2024-04-08 16:47:27,211: _walk_modules() 'Jumble loading module in ArtStationSource from /usr/lib/python3.11/site-packages/variety/plugins/builtin/downloaders/ArtStationSource.py'
INFO: 2024-04-08 16:47:27,211: load() 'Jumble found plugin class: <class 'ArtStationSource.ArtStationSource'>: {'name': 'ArtStationSource', 'description': 'Configurable source for fetching images from ArtStation', 'author': 'Denis Gordeev', 'version': '0.1'}'
INFO: 2024-04-08 16:47:27,211: _walk_modules() 'Jumble loading module in BingDownloader from /usr/lib/python3.11/site-packages/variety/plugins/builtin/downloaders/BingDownloader.py'
INFO: 2024-04-08 16:47:27,211: load() 'Jumble found plugin class: <class 'BingDownloader.BingDownloader'>: {'name': 'BingDownloader', 'description': 'Bing Photo of the Day', 'author': 'Peter Levi', 'version': '0.1'}'
INFO: 2024-04-08 16:47:27,211: _walk_modules() 'Jumble loading module in EarthviewDownloader from /usr/lib/python3.11/site-packages/variety/plugins/builtin/downloaders/EarthviewDownloader.py'
INFO: 2024-04-08 16:47:27,212: load() 'Jumble found plugin class: <class 'EarthviewDownloader.EarthviewDownloader'>: {'name': 'EarthviewDownloader', 'description': 'Google Earth View Wallpapers', 'author': 'Peter Levi', 'version': '0.1'}'
INFO: 2024-04-08 16:47:27,212: _walk_modules() 'Jumble loading module in MediaRSSDownloader from /usr/lib/python3.11/site-packages/variety/plugins/builtin/downloaders/MediaRSSDownloader.py'
INFO: 2024-04-08 16:47:27,212: _walk_modules() 'Jumble loading module in MediaRSSSource from /usr/lib/python3.11/site-packages/variety/plugins/builtin/downloaders/MediaRSSSource.py'
INFO: 2024-04-08 16:47:27,212: load() 'Jumble found plugin class: <class 'MediaRSSSource.MediaRSSSource'>: {'name': 'MediaRSSSource', 'description': 'Configurable source for fetching images from MediaRSS feeds', 'author': 'Peter Levi', 'version': '0.1'}'
INFO: 2024-04-08 16:47:27,212: _walk_modules() 'Jumble loading module in NationalGeographicDownloader from /usr/lib/python3.11/site-packages/variety/plugins/builtin/downloaders/NationalGeographicDownloader.py'
INFO: 2024-04-08 16:47:27,212: load() 'Jumble found plugin class: <class 'NationalGeographicDownloader.NationalGeographicDownloader'>: {'name': 'NationalGeographicDownloader', 'description': "National Geographic's photo of the day", 'author': 'Eric Rösch', 'version': '0.1'}'
INFO: 2024-04-08 16:47:27,212: _walk_modules() 'Jumble loading module in RedditDownloader from /usr/lib/python3.11/site-packages/variety/plugins/builtin/downloaders/RedditDownloader.py'
INFO: 2024-04-08 16:47:27,213: _walk_modules() 'Jumble loading module in RedditSource from /usr/lib/python3.11/site-packages/variety/plugins/builtin/downloaders/RedditSource.py'
INFO: 2024-04-08 16:47:27,213: load() 'Jumble found plugin class: <class 'RedditSource.RedditSource'>: {'name': 'RedditSource', 'description': 'Configurable source for fetching images from Reddit', 'author': 'Peter Levi', 'version': '0.1'}'
INFO: 2024-04-08 16:47:27,213: _walk_modules() 'Jumble loading module in UnsplashConfigurableSource from /usr/lib/python3.11/site-packages/variety/plugins/builtin/downloaders/UnsplashConfigurableSource.py'
INFO: 2024-04-08 16:47:27,213: load() 'Jumble found plugin class: <class 'UnsplashConfigurableSource.UnsplashConfigurableSource'>: {'name': 'UnsplashConfigurableSource', 'description': 'Configurable source for fetching photos from Unsplash.com', 'author': 'Peter Levi', 'version': '0.1'}'
INFO: 2024-04-08 16:47:27,213: _walk_modules() 'Jumble loading module in UnsplashDownloader from /usr/lib/python3.11/site-packages/variety/plugins/builtin/downloaders/UnsplashDownloader.py'
INFO: 2024-04-08 16:47:27,213: load() 'Jumble found plugin class: <class 'UnsplashDownloader.UnsplashDownloader'>: {'name': 'UnsplashDownloader', 'description': 'High-resolution photos from Unsplash.com', 'author': 'Peter Levi', 'version': '0.1'}'
INFO: 2024-04-08 16:47:27,213: _walk_modules() 'Jumble loading module in WallhavenDownloader from /usr/lib/python3.11/site-packages/variety/plugins/builtin/downloaders/WallhavenDownloader.py'
INFO: 2024-04-08 16:47:27,214: _walk_modules() 'Jumble loading module in WallhavenLegacyDownloader from /usr/lib/python3.11/site-packages/variety/plugins/builtin/downloaders/WallhavenLegacyDownloader.py'
INFO: 2024-04-08 16:47:27,214: _walk_modules() 'Jumble loading module in WallhavenSource from /usr/lib/python3.11/site-packages/variety/plugins/builtin/downloaders/WallhavenSource.py'
INFO: 2024-04-08 16:47:27,215: load() 'Jumble found plugin class: <class 'WallhavenSource.WallhavenSource'>: {'name': 'WallhavenSource', 'description': 'Configurable source for fetching images from Wallhaven.cc', 'author': 'Peter Levi', 'version': '0.1'}'
INFO: 2024-04-08 16:47:27,215: _walk_modules() 'Jumble loading module in __init__ from /usr/lib/python3.11/site-packages/variety/plugins/builtin/downloaders/__init__.py'
INFO: 2024-04-08 16:47:27,215: _walk_modules() 'Jumble loading module in FortuneSource from /usr/lib/python3.11/site-packages/variety/plugins/builtin/quotes/FortuneSource.py'
INFO: 2024-04-08 16:47:27,215: load() 'Jumble found plugin class: <class 'FortuneSource.FortuneSource'>: {'name': 'UNIX fortune program', 'description': 'Displays quotes using the UNIX fortune program. You may want to install additional fortune packs, e.g. fortunes-bofh-excuses.', 'author': 'Dan Jones', 'version': '0.1'}'
INFO: 2024-04-08 16:47:27,215: _walk_modules() 'Jumble loading module in GoodreadsSource from /usr/lib/python3.11/site-packages/variety/plugins/builtin/quotes/GoodreadsSource.py'
INFO: 2024-04-08 16:47:27,235: load() 'Jumble found plugin class: <class 'GoodreadsSource.GoodreadsSource'>: {'name': 'Goodreads', 'description': 'Fetches quotes from Goodreads.com', 'author': 'Peter Levi', 'version': '0.1'}'
INFO: 2024-04-08 16:47:27,235: _walk_modules() 'Jumble loading module in LocalFilesSource from /usr/lib/python3.11/site-packages/variety/plugins/builtin/quotes/LocalFilesSource.py'
INFO: 2024-04-08 16:47:27,235: load() 'Jumble found plugin class: <class 'LocalFilesSource.LocalFilesSource'>: {'name': 'Local text files', 'description': 'Displays quotes, defined in local text files.\nPut your own txt files in: ~/.config/variety/pluginconfig/quotes/.\nThe file format is:\n\nquote -- author\n.\nsecond quote -- another author\n.\netc...\n\nExample: http://rvelthuis.de/zips/quotes.txt', 'author': 'Peter Levi', 'version': '0.1'}'
INFO: 2024-04-08 16:47:27,235: _walk_modules() 'Jumble loading module in QuotationsPageSource from /usr/lib/python3.11/site-packages/variety/plugins/builtin/quotes/QuotationsPageSource.py'
INFO: 2024-04-08 16:47:27,235: load() 'Jumble found plugin class: <class 'QuotationsPageSource.QuotationsPageSource'>: {'name': 'TheQuotationsPage.com', 'description': 'Fetches quotes from TheQuotationsPage.com', 'author': 'Peter Levi', 'version': '0.1'}'
INFO: 2024-04-08 16:47:27,235: _walk_modules() 'Jumble loading module in UrbanDictionarySource from /usr/lib/python3.11/site-packages/variety/plugins/builtin/quotes/UrbanDictionarySource.py'
INFO: 2024-04-08 16:47:27,235: load() 'Jumble found plugin class: <class 'UrbanDictionarySource.UrbanDictionarySource'>: {'name': 'Urban Dictionary', 'description': 'Displays definitions from Urban Dictionary', 'author': 'James Miller', 'version': '0.1'}'
INFO: 2024-04-08 16:47:27,235: _walk_modules() 'Jumble loading module in __init__ from /usr/lib/python3.11/site-packages/variety/plugins/builtin/quotes/__init__.py'
INFO: 2024-04-08 16:47:27,235: makedirs() 'Creating folder /home/tommi/.config/variety/pluginconfig/downloaders'
WARNING: 2024-04-08 16:47:27,237: load_history() 'Could not load history file, continuing without it, no worries'
INFO: 2024-04-08 16:47:27,243: makedirs() 'Creating folder /home/tommi/.config/variety/Downloaded'
INFO: 2024-04-08 16:47:27,243: makedirs() 'Creating folder /home/tommi/.config/variety/Favorites'
INFO: 2024-04-08 16:47:27,243: makedirs() 'Creating folder /home/tommi/.config/variety/Fetched'
INFO: 2024-04-08 16:47:27,243: reload_config() 'Creating new downloader for type flickr, location user:www.flickr.com/photos/peter-levi/;user_id:93647178@N00;'
INFO: 2024-04-08 16:47:27,243: makedirs() 'Creating folder /home/tommi/.config/variety/Downloaded/flickr_user_www_flickr_com_photos_peter_levi__user_id_93647178_N00_'
INFO: 2024-04-08 16:47:27,244: log_options() 'Loaded options:'
INFO: 2024-04-08 16:47:27,244: log_options() 'change_enabled = True'
INFO: 2024-04-08 16:47:27,244: log_options() 'change_interval = 300'
INFO: 2024-04-08 16:47:27,244: log_options() 'change_on_start = False'
INFO: 2024-04-08 16:47:27,244: log_options() 'clipboard_enabled = False'
INFO: 2024-04-08 16:47:27,244: log_options() 'clipboard_hosts = ['wallhaven.cc', 'wallpapers.net', 'flickr.com', 'imgur.com', 'deviantart.com', 'interfacelift.com', 'vladstudio.com', 'imageshack.us', 'deviantart.net', 'imageshack.com']'
INFO: 2024-04-08 16:47:27,244: log_options() 'clipboard_use_whitelist = True'
INFO: 2024-04-08 16:47:27,244: log_options() 'clock_date_font = Serif 30'
INFO: 2024-04-08 16:47:27,244: log_options() 'clock_enabled = False'
INFO: 2024-04-08 16:47:27,244: log_options() 'clock_filter = -density 100 -font `fc-match -f '%{file[0]}' '%CLOCK_FONT_NAME'` -pointsize %CLOCK_FONT_SIZE -gravity SouthEast -fill '#00000044' -annotate 0x0+[%HOFFSET+58]+[%VOFFSET+108] '%H:%M' -fill white -annotate 0x0+[%HOFFSET+60]+[%VOFFSET+110] '%H:%M' -font `fc-match -f '%{file[0]}' '%DATE_FONT_NAME'` -pointsize %DATE_FONT_SIZE -fill '#00000044' -annotate 0x0+[%HOFFSET+58]+[%VOFFSET+58] '%A, %B %d' -fill white -annotate 0x0+[%HOFFSET+60]+[%VOFFSET+60] '%A, %B %d''
INFO: 2024-04-08 16:47:27,244: log_options() 'clock_font = Serif 70'
INFO: 2024-04-08 16:47:27,244: log_options() 'configfile = /home/tommi/.config/variety/variety.conf'
INFO: 2024-04-08 16:47:27,244: log_options() 'copyto_enabled = False'
INFO: 2024-04-08 16:47:27,244: log_options() 'copyto_folder = Default'
INFO: 2024-04-08 16:47:27,244: log_options() 'desired_color = None'
INFO: 2024-04-08 16:47:27,244: log_options() 'desired_color_enabled = False'
INFO: 2024-04-08 16:47:27,244: log_options() 'download_folder = /home/tommi/.config/variety/Downloaded'
INFO: 2024-04-08 16:47:27,244: log_options() 'download_preference_ratio = 0.9'
INFO: 2024-04-08 16:47:27,244: log_options() 'favorites_folder = /home/tommi/.config/variety/Favorites'
INFO: 2024-04-08 16:47:27,244: log_options() 'favorites_operations = [['Downloaded', 'Copy'], ['Fetched', 'Move'], ['Others', 'Copy']]'
INFO: 2024-04-08 16:47:27,244: log_options() 'fetched_folder = /home/tommi/.config/variety/Fetched'
INFO: 2024-04-08 16:47:27,244: log_options() 'filters = [[False, 'Keep original', ''], [False, 'Grayscale', '-type Grayscale'], [False, 'Heavy blur', '-scale 20% -blur 0x10 -resize 500%'], [False, 'Soft blur', '-scale 20% -blur 0x2 -resize 500%'], [False, 'Oil painting', '-paint 8'], [False, 'Pointilism', '-spread 10 -noise 3'], [False, 'Pixellate', '-scale 3% -scale 3333%']]'
INFO: 2024-04-08 16:47:27,244: log_options() 'get_wallpaper_script = /home/tommi/.config/variety/scripts/get_wallpaper'
INFO: 2024-04-08 16:47:27,244: log_options() 'icon = Light'
INFO: 2024-04-08 16:47:27,244: log_options() 'internet_enabled = True'
INFO: 2024-04-08 16:47:27,244: log_options() 'lightness_enabled = False'
INFO: 2024-04-08 16:47:27,244: log_options() 'lightness_mode = 0'
INFO: 2024-04-08 16:47:27,244: log_options() 'min_rating = 4'
INFO: 2024-04-08 16:47:27,244: log_options() 'min_rating_enabled = False'
INFO: 2024-04-08 16:47:27,244: log_options() 'min_size = 80'
INFO: 2024-04-08 16:47:27,244: log_options() 'min_size_enabled = False'
INFO: 2024-04-08 16:47:27,244: log_options() 'quota_enabled = True'
INFO: 2024-04-08 16:47:27,244: log_options() 'quota_size = 1000'
INFO: 2024-04-08 16:47:27,244: log_options() 'quotes_authors = '
INFO: 2024-04-08 16:47:27,244: log_options() 'quotes_bg_color = [80, 80, 80]'
INFO: 2024-04-08 16:47:27,244: log_options() 'quotes_bg_opacity = 55'
INFO: 2024-04-08 16:47:27,244: log_options() 'quotes_change_enabled = False'
INFO: 2024-04-08 16:47:27,244: log_options() 'quotes_change_interval = 300'
INFO: 2024-04-08 16:47:27,244: log_options() 'quotes_disabled_sources = ['Urban Dictionary']'
INFO: 2024-04-08 16:47:27,244: log_options() 'quotes_enabled = False'
INFO: 2024-04-08 16:47:27,244: log_options() 'quotes_favorites_file = /home/tommi/.config/variety/favorite_quotes.txt'
INFO: 2024-04-08 16:47:27,244: log_options() 'quotes_font = Serif 30'
INFO: 2024-04-08 16:47:27,244: log_options() 'quotes_hpos = 100'
INFO: 2024-04-08 16:47:27,244: log_options() 'quotes_max_length = 250'
INFO: 2024-04-08 16:47:27,244: log_options() 'quotes_tags = '
INFO: 2024-04-08 16:47:27,244: log_options() 'quotes_text_color = [255, 255, 255]'
INFO: 2024-04-08 16:47:27,244: log_options() 'quotes_text_shadow = False'
INFO: 2024-04-08 16:47:27,244: log_options() 'quotes_vpos = 40'
INFO: 2024-04-08 16:47:27,244: log_options() 'quotes_width = 70'
INFO: 2024-04-08 16:47:27,244: log_options() 'safe_mode = False'
INFO: 2024-04-08 16:47:27,244: log_options() 'set_wallpaper_script = /home/tommi/.config/variety/scripts/set_wallpaper'
INFO: 2024-04-08 16:47:27,244: log_options() 'slideshow_custom_enabled = False'
INFO: 2024-04-08 16:47:27,244: log_options() 'slideshow_custom_folder = /home/tommi/Pictures'
INFO: 2024-04-08 16:47:27,244: log_options() 'slideshow_downloads_enabled = False'
INFO: 2024-04-08 16:47:27,244: log_options() 'slideshow_fade = 0.4'
INFO: 2024-04-08 16:47:27,244: log_options() 'slideshow_favorites_enabled = True'
INFO: 2024-04-08 16:47:27,244: log_options() 'slideshow_mode = Fullscreen'
INFO: 2024-04-08 16:47:27,244: log_options() 'slideshow_monitor = All'
INFO: 2024-04-08 16:47:27,244: log_options() 'slideshow_pan = 0.05'
INFO: 2024-04-08 16:47:27,244: log_options() 'slideshow_seconds = 6.0'
INFO: 2024-04-08 16:47:27,244: log_options() 'slideshow_sort_order = Random'
INFO: 2024-04-08 16:47:27,244: log_options() 'slideshow_sources_enabled = True'
INFO: 2024-04-08 16:47:27,244: log_options() 'slideshow_zoom = 0.2'
INFO: 2024-04-08 16:47:27,245: log_options() 'smart_enabled = False'
INFO: 2024-04-08 16:47:27,245: log_options() 'smart_notice_shown = False'
INFO: 2024-04-08 16:47:27,245: log_options() 'smart_register_shown = False'
INFO: 2024-04-08 16:47:27,245: log_options() 'sources = [[True, 'favorites', 'The Favorites folder'], [True, 'fetched', 'The Fetched folder'], [True, 'folder', '/usr/share/backgrounds'], [True, 'flickr', 'user:www.flickr.com/photos/peter-levi/;user_id:93647178@N00;'], [False, 'apod', 'NASA Astro Pic of the Day'], [False, 'bing', 'Bing Photo of the Day'], [False, 'earthview', 'Google Earth View Wallpapers'], [False, 'natgeo', "National Geographic's photo of the day"], [False, 'unsplash', 'High-resolution photos from Unsplash.com']]'
INFO: 2024-04-08 16:47:27,245: log_options() 'stats_enabled = True'
INFO: 2024-04-08 16:47:27,245: log_options() 'stats_notice_shown = False'
INFO: 2024-04-08 16:47:27,245: log_options() 'sync_enabled = True'
INFO: 2024-04-08 16:47:27,245: log_options() 'use_landscape_enabled = True'
INFO: 2024-04-08 16:47:27,245: log_options() 'wallhaven_api_key = '
INFO: 2024-04-08 16:47:27,245: log_options() 'wallpaper_auto_rotate = False'
INFO: 2024-04-08 16:47:27,245: log_options() 'wallpaper_display_mode = os'
INFO: 2024-04-08 16:47:27,245: reload_config() 'No need to clear prepared queue'
INFO: 2024-04-08 16:47:27,245: update_indicator() 'Setting file info to: /usr/share/endeavouros/backgrounds/endeavouros-wallpaper.png'
INFO: 2024-04-08 16:47:27,262: load_banned() 'Missing or invalid banned URLs list, no URLs will be banned'
INFO: 2024-04-08 16:47:27,262: load_last_change_time() 'Change interval < 6 hours, ignore persisted last_change_time, wait initially the whole interval: 300'
INFO: 2024-04-08 16:47:27,262: update_indicator() 'Setting file info to: /usr/share/endeavouros/backgrounds/endeavouros-wallpaper.png'
INFO: 2024-04-08 16:47:27,265: regular_change_thread() 'regular_change thread running'
INFO: 2024-04-08 16:47:27,266: prepare_thread() 'Prepare thread running'
INFO: 2024-04-08 16:47:27,266: prepare_thread() 'Prepared buffer contains 0 images'
INFO: 2024-04-08 16:47:27,266: prepare_thread() 'Preparing some images'
INFO: 2024-04-08 16:47:27,266: get_throttling() 'Flickr: parsing serverside options'
INFO: 2024-04-08 16:47:27,266: get_throttling() 'Could not parse Flickr serverside options, using defaults 120, 20'
INFO: 2024-04-08 16:47:27,266: get_throttling() 'Flickr: parsing serverside options'
INFO: 2024-04-08 16:47:27,266: get_throttling() 'Could not parse Flickr serverside options, using defaults 120, 20'
INFO: 2024-04-08 16:47:27,266: download_one() 'Flickr: Downloading an image, config: user:www.flickr.com/photos/peter-levi/;user_id:93647178@N00;'
INFO: 2024-04-08 16:47:27,266: download_one() 'Flickr: Queue size: 0'
INFO: 2024-04-08 16:47:27,266: get_throttling() 'Flickr: parsing serverside options'
INFO: 2024-04-08 16:47:27,266: get_throttling() 'Could not parse Flickr serverside options, using defaults 120, 20'
INFO: 2024-04-08 16:47:27,266: download_one() 'Flickr: Filling queue'
INFO: 2024-04-08 16:47:27,266: fetch() 'Making flickr API call: https://api.flickr.com/services/rest/?method=flickr.photos.search&api_key=0553a848c09bcfd21d3a984d9408c04e&per_page=500&tag_mode=all&format=json&nojsoncallback=1&user_id=93647178@N00'
INFO: 2024-04-08 16:47:27,266: trigger_download() 'Triggering download thread to check if download needed and possible'
INFO: 2024-04-08 16:47:27,267: prepare_thread() 'After search prepared buffer contains 0 images'
INFO: 2024-04-08 16:47:27,267: update_indicator_icon() 'Creating indicator'
WARNING: 2024-04-08 16:47:27,271: create_menu() 'Variety Slideshow is not installed. This is an optional extension adding pan-and-zoom slideshows to Variety: see https://github.com/peterlevi/variety-slideshow for details'
INFO: 2024-04-08 16:47:27,271: create_indicator() 'indicator backend: fallback tray'
INFO: 2024-04-08 16:47:27,271: set_from_theme_icon() 'Showing status icon variety-indicator from GTK theme'
INFO: 2024-04-08 16:47:27,271: makedirs() 'Creating folder /home/tommi/.config/autostart'
INFO: 2024-04-08 16:47:27,362: do_set_wp() 'Calling do_set_wp with /usr/share/endeavouros/backgrounds/endeavouros-wallpaper.png, time: 1712584047.362875'
INFO: 2024-04-08 16:47:27,576: reload() 'Reloading preferences dialog'
INFO: 2024-04-08 16:47:27,621: update_indicator() 'Setting file info to: /usr/share/endeavouros/backgrounds/endeavouros-wallpaper.png'
INFO: 2024-04-08 16:47:27,636: fill_queue() '1 pages in the search results, using page 1'
INFO: 2024-04-08 16:47:27,636: fetch() 'Making flickr API call: https://api.flickr.com/services/rest/?method=flickr.photos.search&api_key=0553a848c09bcfd21d3a984d9408c04e&per_page=500&tag_mode=all&format=json&nojsoncallback=1&user_id=93647178@N00&extras=owner_name,description,tags,o_dims,url_o,url_k,url_h,url_l&page=1'
INFO: 2024-04-08 16:47:27,999: process_photos_in_response() 'Queue size is 0, populating with images for size suffix o'
INFO: 2024-04-08 16:47:28,002: download_one() 'Flickr: Queue populated with 81 URLs'
INFO: 2024-04-08 16:47:28,002: save_locally() 'Origin URL: https://www.flickr.com/photos/93647178@N00/7527945350'
INFO: 2024-04-08 16:47:28,002: save_locally() 'Image URL: https://live.staticflickr.com/8017/7527945350_88d113f51b_o.jpg'
INFO: 2024-04-08 16:47:28,002: save_locally() 'Local path: /home/tommi/.config/variety/Downloaded/flickr_user_www_flickr_com_photos_peter_levi__user_id_93647178_N00_/7527945350_88d113f51b_o.jpg'
INFO: 2024-04-08 16:47:28,085: save_locally() 'Download complete'
INFO: 2024-04-08 16:47:28,085: update_indicator() 'Setting file info to: /usr/share/endeavouros/backgrounds/endeavouros-wallpaper.png'
INFO: 2024-04-08 16:47:28,089: download_one_from() 'Adding downloaded file /home/tommi/.config/variety/Downloaded/flickr_user_www_flickr_com_photos_peter_levi__user_id_93647178_N00_/7527945350_88d113f51b_o.jpg to unseen_downloads'
INFO: 2024-04-08 16:47:29,090: get_throttling() 'Flickr: parsing serverside options'
INFO: 2024-04-08 16:47:29,090: get_throttling() 'Could not parse Flickr serverside options, using defaults 120, 20'
INFO: 2024-04-08 16:47:29,090: get_throttling() 'Flickr: parsing serverside options'
INFO: 2024-04-08 16:47:29,090: get_throttling() 'Could not parse Flickr serverside options, using defaults 120, 20'
INFO: 2024-04-08 16:47:29,090: download_one() 'Flickr: Downloading an image, config: user:www.flickr.com/photos/peter-levi/;user_id:93647178@N00;'
INFO: 2024-04-08 16:47:29,090: download_one() 'Flickr: Queue size: 80'
INFO: 2024-04-08 16:47:29,090: download_one() 'Flickr: Queue populated with 80 URLs'
INFO: 2024-04-08 16:47:29,090: save_locally() 'Origin URL: https://www.flickr.com/photos/93647178@N00/7527830564'
INFO: 2024-04-08 16:47:29,090: save_locally() 'Image URL: https://live.staticflickr.com/7135/7527830564_98651639a1_o.jpg'
INFO: 2024-04-08 16:47:29,090: save_locally() 'Local path: /home/tommi/.config/variety/Downloaded/flickr_user_www_flickr_com_photos_peter_levi__user_id_93647178_N00_/7527830564_98651639a1_o.jpg'
INFO: 2024-04-08 16:47:29,153: save_locally() 'Download complete'
INFO: 2024-04-08 16:47:29,154: update_indicator() 'Setting file info to: /usr/share/endeavouros/backgrounds/endeavouros-wallpaper.png'
INFO: 2024-04-08 16:47:29,158: list_files() 'More than 1 files in the folders, stop listing'
INFO: 2024-04-08 16:47:29,158: download_one_from() 'Adding downloaded file /home/tommi/.config/variety/Downloaded/flickr_user_www_flickr_com_photos_peter_levi__user_id_93647178_N00_/7527830564_98651639a1_o.jpg to unseen_downloads'
INFO: 2024-04-08 16:47:29,268: trigger_download() 'Triggering download thread to check if download needed and possible'
INFO: 2024-04-08 16:47:29,485: apply() 'Applying preferences'
INFO: 2024-04-08 16:47:29,488: log_options() 'Loaded options:'
INFO: 2024-04-08 16:47:29,488: log_options() 'change_enabled = True'
INFO: 2024-04-08 16:47:29,488: log_options() 'change_interval = 300'
INFO: 2024-04-08 16:47:29,488: log_options() 'change_on_start = False'
INFO: 2024-04-08 16:47:29,488: log_options() 'clipboard_enabled = False'
INFO: 2024-04-08 16:47:29,488: log_options() 'clipboard_hosts = ['wallhaven.cc', 'wallpapers.net', 'flickr.com', 'imgur.com', 'deviantart.com', 'interfacelift.com', 'vladstudio.com', 'imageshack.us', 'deviantart.net', 'imageshack.com']'
INFO: 2024-04-08 16:47:29,488: log_options() 'clipboard_use_whitelist = True'
INFO: 2024-04-08 16:47:29,488: log_options() 'clock_date_font = Serif 30'
INFO: 2024-04-08 16:47:29,488: log_options() 'clock_enabled = False'
INFO: 2024-04-08 16:47:29,488: log_options() 'clock_filter = -density 100 -font `fc-match -f '%{file[0]}' '%CLOCK_FONT_NAME'` -pointsize %CLOCK_FONT_SIZE -gravity SouthEast -fill '#00000044' -annotate 0x0+[%HOFFSET+58]+[%VOFFSET+108] '%H:%M' -fill white -annotate 0x0+[%HOFFSET+60]+[%VOFFSET+110] '%H:%M' -font `fc-match -f '%{file[0]}' '%DATE_FONT_NAME'` -pointsize %DATE_FONT_SIZE -fill '#00000044' -annotate 0x0+[%HOFFSET+58]+[%VOFFSET+58] '%A, %B %d' -fill white -annotate 0x0+[%HOFFSET+60]+[%VOFFSET+60] '%A, %B %d''
INFO: 2024-04-08 16:47:29,488: log_options() 'clock_font = Serif 70'
INFO: 2024-04-08 16:47:29,488: log_options() 'configfile = /home/tommi/.config/variety/variety.conf'
INFO: 2024-04-08 16:47:29,488: log_options() 'copyto_enabled = False'
INFO: 2024-04-08 16:47:29,488: log_options() 'copyto_folder = Default'
INFO: 2024-04-08 16:47:29,488: log_options() 'desired_color = [160, 160, 160]'
INFO: 2024-04-08 16:47:29,488: log_options() 'desired_color_enabled = False'
INFO: 2024-04-08 16:47:29,488: log_options() 'download_folder = /home/tommi/.config/variety/Downloaded'
INFO: 2024-04-08 16:47:29,488: log_options() 'download_preference_ratio = 0.9'
INFO: 2024-04-08 16:47:29,488: log_options() 'favorites_folder = /home/tommi/.config/variety/Favorites'
INFO: 2024-04-08 16:47:29,488: log_options() 'favorites_operations = [['Downloaded', 'Copy'], ['Fetched', 'Move'], ['Others', 'Copy']]'
INFO: 2024-04-08 16:47:29,488: log_options() 'fetched_folder = /home/tommi/.config/variety/Fetched'
INFO: 2024-04-08 16:47:29,488: log_options() 'filters = [[False, 'Keep original', ''], [False, 'Grayscale', '-type Grayscale'], [False, 'Heavy blur', '-scale 20% -blur 0x10 -resize 500%'], [False, 'Soft blur', '-scale 20% -blur 0x2 -resize 500%'], [False, 'Oil painting', '-paint 8'], [False, 'Pointilism', '-spread 10 -noise 3'], [False, 'Pixellate', '-scale 3% -scale 3333%']]'
INFO: 2024-04-08 16:47:29,488: log_options() 'get_wallpaper_script = /home/tommi/.config/variety/scripts/get_wallpaper'
INFO: 2024-04-08 16:47:29,488: log_options() 'icon = Light'
INFO: 2024-04-08 16:47:29,488: log_options() 'internet_enabled = True'
INFO: 2024-04-08 16:47:29,488: log_options() 'lightness_enabled = False'
INFO: 2024-04-08 16:47:29,488: log_options() 'lightness_mode = 0'
INFO: 2024-04-08 16:47:29,488: log_options() 'min_rating = 4'
INFO: 2024-04-08 16:47:29,488: log_options() 'min_rating_enabled = False'
INFO: 2024-04-08 16:47:29,488: log_options() 'min_size = 80'
INFO: 2024-04-08 16:47:29,488: log_options() 'min_size_enabled = False'
INFO: 2024-04-08 16:47:29,488: log_options() 'quota_enabled = True'
INFO: 2024-04-08 16:47:29,488: log_options() 'quota_size = 1000'
INFO: 2024-04-08 16:47:29,488: log_options() 'quotes_authors = '
INFO: 2024-04-08 16:47:29,488: log_options() 'quotes_bg_color = [80, 80, 80]'
INFO: 2024-04-08 16:47:29,488: log_options() 'quotes_bg_opacity = 55'
INFO: 2024-04-08 16:47:29,488: log_options() 'quotes_change_enabled = False'
INFO: 2024-04-08 16:47:29,488: log_options() 'quotes_change_interval = 300'
INFO: 2024-04-08 16:47:29,488: log_options() 'quotes_disabled_sources = ['Urban Dictionary']'
INFO: 2024-04-08 16:47:29,488: log_options() 'quotes_enabled = False'
INFO: 2024-04-08 16:47:29,488: log_options() 'quotes_favorites_file = /home/tommi/.config/variety/favorite_quotes.txt'
INFO: 2024-04-08 16:47:29,489: log_options() 'quotes_font = Serif 30'
INFO: 2024-04-08 16:47:29,489: log_options() 'quotes_hpos = 100'
INFO: 2024-04-08 16:47:29,489: log_options() 'quotes_max_length = 250'
INFO: 2024-04-08 16:47:29,489: log_options() 'quotes_tags = '
INFO: 2024-04-08 16:47:29,489: log_options() 'quotes_text_color = [255, 255, 255]'
INFO: 2024-04-08 16:47:29,489: log_options() 'quotes_text_shadow = False'
INFO: 2024-04-08 16:47:29,489: log_options() 'quotes_vpos = 40'
INFO: 2024-04-08 16:47:29,489: log_options() 'quotes_width = 70'
INFO: 2024-04-08 16:47:29,489: log_options() 'safe_mode = False'
INFO: 2024-04-08 16:47:29,489: log_options() 'set_wallpaper_script = /home/tommi/.config/variety/scripts/set_wallpaper'
INFO: 2024-04-08 16:47:29,489: log_options() 'slideshow_custom_enabled = False'
INFO: 2024-04-08 16:47:29,489: log_options() 'slideshow_custom_folder = /home/tommi/Pictures'
INFO: 2024-04-08 16:47:29,489: log_options() 'slideshow_downloads_enabled = False'
INFO: 2024-04-08 16:47:29,489: log_options() 'slideshow_fade = 0.4'
INFO: 2024-04-08 16:47:29,489: log_options() 'slideshow_favorites_enabled = True'
INFO: 2024-04-08 16:47:29,489: log_options() 'slideshow_mode = Fullscreen'
INFO: 2024-04-08 16:47:29,489: log_options() 'slideshow_monitor = All'
INFO: 2024-04-08 16:47:29,489: log_options() 'slideshow_pan = 0.05'
INFO: 2024-04-08 16:47:29,489: log_options() 'slideshow_seconds = 6.0'
INFO: 2024-04-08 16:47:29,489: log_options() 'slideshow_sort_order = Random'
INFO: 2024-04-08 16:47:29,489: log_options() 'slideshow_sources_enabled = True'
INFO: 2024-04-08 16:47:29,489: log_options() 'slideshow_zoom = 0.2'
INFO: 2024-04-08 16:47:29,489: log_options() 'smart_enabled = False'
INFO: 2024-04-08 16:47:29,489: log_options() 'smart_notice_shown = False'
INFO: 2024-04-08 16:47:29,489: log_options() 'smart_register_shown = False'
INFO: 2024-04-08 16:47:29,489: log_options() 'sources = [[True, 'favorites', 'The Favorites folder'], [True, 'fetched', 'The Fetched folder'], [True, 'folder', '/usr/share/backgrounds'], [False, 'flickr', 'user:www.flickr.com/photos/peter-levi/;user_id:93647178@N00;'], [False, 'apod', "NASA's Astronomy Picture of the Day"], [False, 'bing', 'Bing Photo of the Day'], [False, 'earthview', 'Google Earth View Wallpapers'], [False, 'natgeo', "National Geographic's photo of the day"], [False, 'unsplash', 'High-resolution photos from Unsplash.com']]'
INFO: 2024-04-08 16:47:29,489: log_options() 'stats_enabled = True'
INFO: 2024-04-08 16:47:29,489: log_options() 'stats_notice_shown = False'
INFO: 2024-04-08 16:47:29,489: log_options() 'sync_enabled = True'
INFO: 2024-04-08 16:47:29,489: log_options() 'use_landscape_enabled = True'
INFO: 2024-04-08 16:47:29,489: log_options() 'wallhaven_api_key = '
INFO: 2024-04-08 16:47:29,489: log_options() 'wallpaper_auto_rotate = False'
INFO: 2024-04-08 16:47:29,489: log_options() 'wallpaper_display_mode = os'
INFO: 2024-04-08 16:47:29,489: clear_prepared_queue() 'Clearing prepared queue'
INFO: 2024-04-08 16:47:29,489: update_indicator() 'Setting file info to: /usr/share/endeavouros/backgrounds/endeavouros-wallpaper.png'
INFO: 2024-04-08 16:47:29,489: prepare_thread() 'Prepared buffer contains 0 images'
INFO: 2024-04-08 16:47:29,489: prepare_thread() 'Preparing some images'
INFO: 2024-04-08 16:47:29,489: prepare_thread() 'After search prepared buffer contains 0 images'
INFO: 2024-04-08 16:47:29,489: set_visible() 'Showing status icon'
INFO: 2024-04-08 16:47:29,490: set_from_theme_icon() 'Showing status icon variety-indicator from GTK theme'
INFO: 2024-04-08 16:47:29,493: list_files() 'More than 1 files in the folders, stop listing'
INFO: 2024-04-08 16:47:29,494: prepare_thread() 'Prepared buffer contains 0 images'
INFO: 2024-04-08 16:47:29,494: prepare_thread() 'Preparing some images'
INFO: 2024-04-08 16:47:29,494: prepare_thread() 'After search prepared buffer contains 0 images'
INFO: 2024-04-08 16:47:29,594: do_set_wp() 'Calling do_set_wp with /usr/share/endeavouros/backgrounds/endeavouros-wallpaper.png, time: 1712584049.5941536'
INFO: 2024-04-08 16:47:29,599: update_indicator() 'Setting file info to: /usr/share/endeavouros/backgrounds/endeavouros-wallpaper.png'
INFO: 2024-04-08 16:47:29,603: list_files() 'More than 1 files in the folders, stop listing'
INFO: 2024-04-08 16:47:29,877: set_wallpaper() 'Calling set_wallpaper with /home/tommi/.config/variety/Downloaded/flickr_user_www_flickr_com_photos_peter_levi__user_id_93647178_N00_/7527830564_98651639a1_o.jpg'
INFO: 2024-04-08 16:47:30,594: do_set_wp() 'Calling do_set_wp with /home/tommi/.config/variety/Downloaded/flickr_user_www_flickr_com_photos_peter_levi__user_id_93647178_N00_/7527830564_98651639a1_o.jpg, time: 1712584050.5947762'
INFO: 2024-04-08 16:47:30,600: update_indicator() 'Setting file info to: /home/tommi/.config/variety/Downloaded/flickr_user_www_flickr_com_photos_peter_levi__user_id_93647178_N00_/7527830564_98651639a1_o.jpg'
INFO: 2024-04-08 16:47:30,602: list_files() 'More than 1 files in the folders, stop listing'
INFO: 2024-04-08 16:47:31,490: trigger_download() 'Triggering download thread to check if download needed and possible'
INFO: 2024-04-08 16:47:31,494: trigger_download() 'Triggering download thread to check if download needed and possible'
INFO: 2024-04-08 16:47:31,980: update_indicator() 'Setting file info to: /home/tommi/.config/variety/Downloaded/flickr_user_www_flickr_com_photos_peter_levi__user_id_93647178_N00_/7527830564_98651639a1_o.jpg'
INFO: 2024-04-08 16:47:31,982: list_files() 'More than 1 files in the folders, stop listing'
INFO: 2024-04-08 16:47:33,473: apply() 'Applying preferences'
INFO: 2024-04-08 16:47:33,476: set_visible() 'Showing status icon'
INFO: 2024-04-08 16:47:33,477: log_options() 'Loaded options:'
INFO: 2024-04-08 16:47:33,477: set_from_theme_icon() 'Showing status icon variety-indicator from GTK theme'
INFO: 2024-04-08 16:47:33,477: log_options() 'change_enabled = True'
INFO: 2024-04-08 16:47:33,477: log_options() 'change_interval = 300'
INFO: 2024-04-08 16:47:33,477: log_options() 'change_on_start = False'
INFO: 2024-04-08 16:47:33,477: log_options() 'clipboard_enabled = False'
INFO: 2024-04-08 16:47:33,477: log_options() 'clipboard_hosts = ['wallhaven.cc', 'wallpapers.net', 'flickr.com', 'imgur.com', 'deviantart.com', 'interfacelift.com', 'vladstudio.com', 'imageshack.us', 'deviantart.net', 'imageshack.com']'
INFO: 2024-04-08 16:47:33,477: log_options() 'clipboard_use_whitelist = True'
INFO: 2024-04-08 16:47:33,477: log_options() 'clock_date_font = Serif 30'
INFO: 2024-04-08 16:47:33,477: log_options() 'clock_enabled = False'
INFO: 2024-04-08 16:47:33,477: log_options() 'clock_filter = -density 100 -font `fc-match -f '%{file[0]}' '%CLOCK_FONT_NAME'` -pointsize %CLOCK_FONT_SIZE -gravity SouthEast -fill '#00000044' -annotate 0x0+[%HOFFSET+58]+[%VOFFSET+108] '%H:%M' -fill white -annotate 0x0+[%HOFFSET+60]+[%VOFFSET+110] '%H:%M' -font `fc-match -f '%{file[0]}' '%DATE_FONT_NAME'` -pointsize %DATE_FONT_SIZE -fill '#00000044' -annotate 0x0+[%HOFFSET+58]+[%VOFFSET+58] '%A, %B %d' -fill white -annotate 0x0+[%HOFFSET+60]+[%VOFFSET+60] '%A, %B %d''
INFO: 2024-04-08 16:47:33,477: log_options() 'clock_font = Serif 70'
INFO: 2024-04-08 16:47:33,477: log_options() 'configfile = /home/tommi/.config/variety/variety.conf'
INFO: 2024-04-08 16:47:33,477: log_options() 'copyto_enabled = False'
INFO: 2024-04-08 16:47:33,477: log_options() 'copyto_folder = Default'
INFO: 2024-04-08 16:47:33,477: log_options() 'desired_color = [160, 160, 160]'
INFO: 2024-04-08 16:47:33,477: log_options() 'desired_color_enabled = False'
INFO: 2024-04-08 16:47:33,477: log_options() 'download_folder = /home/tommi/.config/variety/Downloaded'
INFO: 2024-04-08 16:47:33,477: log_options() 'download_preference_ratio = 0.9'
INFO: 2024-04-08 16:47:33,477: log_options() 'favorites_folder = /home/tommi/.config/variety/Favorites'
INFO: 2024-04-08 16:47:33,477: log_options() 'favorites_operations = [['Downloaded', 'Copy'], ['Fetched', 'Move'], ['Others', 'Copy']]'
INFO: 2024-04-08 16:47:33,477: log_options() 'fetched_folder = /home/tommi/.config/variety/Fetched'
INFO: 2024-04-08 16:47:33,477: log_options() 'filters = [[False, 'Keep original', ''], [False, 'Grayscale', '-type Grayscale'], [False, 'Heavy blur', '-scale 20% -blur 0x10 -resize 500%'], [False, 'Soft blur', '-scale 20% -blur 0x2 -resize 500%'], [False, 'Oil painting', '-paint 8'], [False, 'Pointilism', '-spread 10 -noise 3'], [False, 'Pixellate', '-scale 3% -scale 3333%']]'
INFO: 2024-04-08 16:47:33,477: log_options() 'get_wallpaper_script = /home/tommi/.config/variety/scripts/get_wallpaper'
INFO: 2024-04-08 16:47:33,477: log_options() 'icon = Light'
INFO: 2024-04-08 16:47:33,477: log_options() 'internet_enabled = True'
INFO: 2024-04-08 16:47:33,477: log_options() 'lightness_enabled = False'
INFO: 2024-04-08 16:47:33,477: log_options() 'lightness_mode = 0'
INFO: 2024-04-08 16:47:33,477: log_options() 'min_rating = 4'
INFO: 2024-04-08 16:47:33,477: log_options() 'min_rating_enabled = False'
INFO: 2024-04-08 16:47:33,477: log_options() 'min_size = 80'
INFO: 2024-04-08 16:47:33,477: log_options() 'min_size_enabled = False'
INFO: 2024-04-08 16:47:33,477: log_options() 'quota_enabled = True'
INFO: 2024-04-08 16:47:33,477: log_options() 'quota_size = 1000'
INFO: 2024-04-08 16:47:33,477: log_options() 'quotes_authors = '
INFO: 2024-04-08 16:47:33,477: log_options() 'quotes_bg_color = [80, 80, 80]'
INFO: 2024-04-08 16:47:33,477: log_options() 'quotes_bg_opacity = 55'
INFO: 2024-04-08 16:47:33,477: log_options() 'quotes_change_enabled = False'
INFO: 2024-04-08 16:47:33,477: log_options() 'quotes_change_interval = 300'
INFO: 2024-04-08 16:47:33,477: log_options() 'quotes_disabled_sources = ['Urban Dictionary']'
INFO: 2024-04-08 16:47:33,477: log_options() 'quotes_enabled = False'
INFO: 2024-04-08 16:47:33,477: log_options() 'quotes_favorites_file = /home/tommi/.config/variety/favorite_quotes.txt'
INFO: 2024-04-08 16:47:33,477: log_options() 'quotes_font = Serif 30'
INFO: 2024-04-08 16:47:33,477: log_options() 'quotes_hpos = 100'
INFO: 2024-04-08 16:47:33,477: log_options() 'quotes_max_length = 250'
INFO: 2024-04-08 16:47:33,477: log_options() 'quotes_tags = '
INFO: 2024-04-08 16:47:33,477: log_options() 'quotes_text_color = [255, 255, 255]'
INFO: 2024-04-08 16:47:33,477: log_options() 'quotes_text_shadow = False'
INFO: 2024-04-08 16:47:33,477: log_options() 'quotes_vpos = 40'
INFO: 2024-04-08 16:47:33,477: log_options() 'quotes_width = 70'
INFO: 2024-04-08 16:47:33,477: log_options() 'safe_mode = False'
INFO: 2024-04-08 16:47:33,477: log_options() 'set_wallpaper_script = /home/tommi/.config/variety/scripts/set_wallpaper'
INFO: 2024-04-08 16:47:33,477: log_options() 'slideshow_custom_enabled = False'
INFO: 2024-04-08 16:47:33,477: log_options() 'slideshow_custom_folder = /home/tommi/Pictures'
INFO: 2024-04-08 16:47:33,477: log_options() 'slideshow_downloads_enabled = False'
INFO: 2024-04-08 16:47:33,477: log_options() 'slideshow_fade = 0.4'
INFO: 2024-04-08 16:47:33,477: log_options() 'slideshow_favorites_enabled = True'
INFO: 2024-04-08 16:47:33,477: log_options() 'slideshow_mode = Fullscreen'
INFO: 2024-04-08 16:47:33,477: log_options() 'slideshow_monitor = All'
INFO: 2024-04-08 16:47:33,477: log_options() 'slideshow_pan = 0.05'
INFO: 2024-04-08 16:47:33,477: log_options() 'slideshow_seconds = 6.0'
INFO: 2024-04-08 16:47:33,477: log_options() 'slideshow_sort_order = Random'
INFO: 2024-04-08 16:47:33,477: log_options() 'slideshow_sources_enabled = True'
INFO: 2024-04-08 16:47:33,477: log_options() 'slideshow_zoom = 0.2'
INFO: 2024-04-08 16:47:33,477: log_options() 'smart_enabled = False'
INFO: 2024-04-08 16:47:33,477: log_options() 'smart_notice_shown = False'
INFO: 2024-04-08 16:47:33,478: log_options() 'smart_register_shown = False'
INFO: 2024-04-08 16:47:33,478: log_options() 'sources = [[False, 'favorites', 'The Favorites folder'], [True, 'fetched', 'The Fetched folder'], [True, 'folder', '/usr/share/backgrounds'], [False, 'flickr', 'user:www.flickr.com/photos/peter-levi/;user_id:93647178@N00;'], [False, 'apod', "NASA's Astronomy Picture of the Day"], [False, 'bing', 'Bing Photo of the Day'], [False, 'earthview', 'Google Earth View Wallpapers'], [False, 'natgeo', "National Geographic's photo of the day"], [False, 'unsplash', 'High-resolution photos from Unsplash.com']]'
INFO: 2024-04-08 16:47:33,478: log_options() 'stats_enabled = True'
INFO: 2024-04-08 16:47:33,478: log_options() 'stats_notice_shown = False'
INFO: 2024-04-08 16:47:33,478: log_options() 'sync_enabled = True'
INFO: 2024-04-08 16:47:33,478: log_options() 'use_landscape_enabled = True'
INFO: 2024-04-08 16:47:33,478: log_options() 'wallhaven_api_key = '
INFO: 2024-04-08 16:47:33,478: log_options() 'wallpaper_auto_rotate = False'
INFO: 2024-04-08 16:47:33,478: log_options() 'wallpaper_display_mode = os'
INFO: 2024-04-08 16:47:33,478: clear_prepared_queue() 'Clearing prepared queue'
INFO: 2024-04-08 16:47:33,478: update_indicator() 'Setting file info to: /home/tommi/.config/variety/Downloaded/flickr_user_www_flickr_com_photos_peter_levi__user_id_93647178_N00_/7527830564_98651639a1_o.jpg'
INFO: 2024-04-08 16:47:33,478: prepare_thread() 'Prepared buffer contains 0 images'
INFO: 2024-04-08 16:47:33,478: prepare_thread() 'Preparing some images'
INFO: 2024-04-08 16:47:33,478: prepare_thread() 'After search prepared buffer contains 0 images'
INFO: 2024-04-08 16:47:33,479: list_files() 'More than 1 files in the folders, stop listing'
INFO: 2024-04-08 16:47:33,479: prepare_thread() 'Prepared buffer contains 0 images'
INFO: 2024-04-08 16:47:33,479: prepare_thread() 'Preparing some images'
INFO: 2024-04-08 16:47:33,479: prepare_thread() 'After search prepared buffer contains 0 images'
INFO: 2024-04-08 16:47:33,579: do_set_wp() 'Calling do_set_wp with /home/tommi/.config/variety/Downloaded/flickr_user_www_flickr_com_photos_peter_levi__user_id_93647178_N00_/7527830564_98651639a1_o.jpg, time: 1712584053.5798318'
INFO: 2024-04-08 16:47:33,585: update_indicator() 'Setting file info to: /home/tommi/.config/variety/Downloaded/flickr_user_www_flickr_com_photos_peter_levi__user_id_93647178_N00_/7527830564_98651639a1_o.jpg'
INFO: 2024-04-08 16:47:33,587: list_files() 'More than 1 files in the folders, stop listing'
INFO: 2024-04-08 16:47:34,123: apply() 'Applying preferences'
INFO: 2024-04-08 16:47:34,126: set_visible() 'Showing status icon'
INFO: 2024-04-08 16:47:34,126: log_options() 'Loaded options:'
INFO: 2024-04-08 16:47:34,126: set_from_theme_icon() 'Showing status icon variety-indicator from GTK theme'
INFO: 2024-04-08 16:47:34,126: log_options() 'change_enabled = True'
INFO: 2024-04-08 16:47:34,126: log_options() 'change_interval = 300'
INFO: 2024-04-08 16:47:34,126: log_options() 'change_on_start = False'
INFO: 2024-04-08 16:47:34,126: log_options() 'clipboard_enabled = False'
INFO: 2024-04-08 16:47:34,126: log_options() 'clipboard_hosts = ['wallhaven.cc', 'wallpapers.net', 'flickr.com', 'imgur.com', 'deviantart.com', 'interfacelift.com', 'vladstudio.com', 'imageshack.us', 'deviantart.net', 'imageshack.com']'
INFO: 2024-04-08 16:47:34,126: log_options() 'clipboard_use_whitelist = True'
INFO: 2024-04-08 16:47:34,126: log_options() 'clock_date_font = Serif 30'
INFO: 2024-04-08 16:47:34,126: log_options() 'clock_enabled = False'
INFO: 2024-04-08 16:47:34,126: log_options() 'clock_filter = -density 100 -font `fc-match -f '%{file[0]}' '%CLOCK_FONT_NAME'` -pointsize %CLOCK_FONT_SIZE -gravity SouthEast -fill '#00000044' -annotate 0x0+[%HOFFSET+58]+[%VOFFSET+108] '%H:%M' -fill white -annotate 0x0+[%HOFFSET+60]+[%VOFFSET+110] '%H:%M' -font `fc-match -f '%{file[0]}' '%DATE_FONT_NAME'` -pointsize %DATE_FONT_SIZE -fill '#00000044' -annotate 0x0+[%HOFFSET+58]+[%VOFFSET+58] '%A, %B %d' -fill white -annotate 0x0+[%HOFFSET+60]+[%VOFFSET+60] '%A, %B %d''
INFO: 2024-04-08 16:47:34,126: log_options() 'clock_font = Serif 70'
INFO: 2024-04-08 16:47:34,126: log_options() 'configfile = /home/tommi/.config/variety/variety.conf'
INFO: 2024-04-08 16:47:34,126: log_options() 'copyto_enabled = False'
INFO: 2024-04-08 16:47:34,127: log_options() 'copyto_folder = Default'
INFO: 2024-04-08 16:47:34,127: log_options() 'desired_color = [160, 160, 160]'
INFO: 2024-04-08 16:47:34,127: log_options() 'desired_color_enabled = False'
INFO: 2024-04-08 16:47:34,127: log_options() 'download_folder = /home/tommi/.config/variety/Downloaded'
INFO: 2024-04-08 16:47:34,127: log_options() 'download_preference_ratio = 0.9'
INFO: 2024-04-08 16:47:34,127: log_options() 'favorites_folder = /home/tommi/.config/variety/Favorites'
INFO: 2024-04-08 16:47:34,127: log_options() 'favorites_operations = [['Downloaded', 'Copy'], ['Fetched', 'Move'], ['Others', 'Copy']]'
INFO: 2024-04-08 16:47:34,127: log_options() 'fetched_folder = /home/tommi/.config/variety/Fetched'
INFO: 2024-04-08 16:47:34,127: log_options() 'filters = [[False, 'Keep original', ''], [False, 'Grayscale', '-type Grayscale'], [False, 'Heavy blur', '-scale 20% -blur 0x10 -resize 500%'], [False, 'Soft blur', '-scale 20% -blur 0x2 -resize 500%'], [False, 'Oil painting', '-paint 8'], [False, 'Pointilism', '-spread 10 -noise 3'], [False, 'Pixellate', '-scale 3% -scale 3333%']]'
INFO: 2024-04-08 16:47:34,127: log_options() 'get_wallpaper_script = /home/tommi/.config/variety/scripts/get_wallpaper'
INFO: 2024-04-08 16:47:34,127: log_options() 'icon = Light'
INFO: 2024-04-08 16:47:34,127: log_options() 'internet_enabled = True'
INFO: 2024-04-08 16:47:34,127: log_options() 'lightness_enabled = False'
INFO: 2024-04-08 16:47:34,127: log_options() 'lightness_mode = 0'
INFO: 2024-04-08 16:47:34,127: log_options() 'min_rating = 4'
INFO: 2024-04-08 16:47:34,127: log_options() 'min_rating_enabled = False'
INFO: 2024-04-08 16:47:34,127: log_options() 'min_size = 80'
INFO: 2024-04-08 16:47:34,127: log_options() 'min_size_enabled = False'
INFO: 2024-04-08 16:47:34,127: log_options() 'quota_enabled = True'
INFO: 2024-04-08 16:47:34,127: log_options() 'quota_size = 1000'
INFO: 2024-04-08 16:47:34,127: log_options() 'quotes_authors = '
INFO: 2024-04-08 16:47:34,127: log_options() 'quotes_bg_color = [80, 80, 80]'
INFO: 2024-04-08 16:47:34,127: log_options() 'quotes_bg_opacity = 55'
INFO: 2024-04-08 16:47:34,127: log_options() 'quotes_change_enabled = False'
INFO: 2024-04-08 16:47:34,127: log_options() 'quotes_change_interval = 300'
INFO: 2024-04-08 16:47:34,127: log_options() 'quotes_disabled_sources = ['Urban Dictionary']'
INFO: 2024-04-08 16:47:34,127: log_options() 'quotes_enabled = False'
INFO: 2024-04-08 16:47:34,127: log_options() 'quotes_favorites_file = /home/tommi/.config/variety/favorite_quotes.txt'
INFO: 2024-04-08 16:47:34,127: log_options() 'quotes_font = Serif 30'
INFO: 2024-04-08 16:47:34,127: log_options() 'quotes_hpos = 100'
INFO: 2024-04-08 16:47:34,127: log_options() 'quotes_max_length = 250'
INFO: 2024-04-08 16:47:34,127: log_options() 'quotes_tags = '
INFO: 2024-04-08 16:47:34,127: log_options() 'quotes_text_color = [255, 255, 255]'
INFO: 2024-04-08 16:47:34,127: log_options() 'quotes_text_shadow = False'
INFO: 2024-04-08 16:47:34,127: log_options() 'quotes_vpos = 40'
INFO: 2024-04-08 16:47:34,127: log_options() 'quotes_width = 70'
INFO: 2024-04-08 16:47:34,127: log_options() 'safe_mode = False'
INFO: 2024-04-08 16:47:34,127: log_options() 'set_wallpaper_script = /home/tommi/.config/variety/scripts/set_wallpaper'
INFO: 2024-04-08 16:47:34,127: log_options() 'slideshow_custom_enabled = False'
INFO: 2024-04-08 16:47:34,127: log_options() 'slideshow_custom_folder = /home/tommi/Pictures'
INFO: 2024-04-08 16:47:34,127: log_options() 'slideshow_downloads_enabled = False'
INFO: 2024-04-08 16:47:34,127: log_options() 'slideshow_fade = 0.4'
INFO: 2024-04-08 16:47:34,127: log_options() 'slideshow_favorites_enabled = True'
INFO: 2024-04-08 16:47:34,127: log_options() 'slideshow_mode = Fullscreen'
INFO: 2024-04-08 16:47:34,127: log_options() 'slideshow_monitor = All'
INFO: 2024-04-08 16:47:34,127: log_options() 'slideshow_pan = 0.05'
INFO: 2024-04-08 16:47:34,127: log_options() 'slideshow_seconds = 6.0'
INFO: 2024-04-08 16:47:34,127: log_options() 'slideshow_sort_order = Random'
INFO: 2024-04-08 16:47:34,127: log_options() 'slideshow_sources_enabled = True'
INFO: 2024-04-08 16:47:34,127: log_options() 'slideshow_zoom = 0.2'
INFO: 2024-04-08 16:47:34,127: log_options() 'smart_enabled = False'
INFO: 2024-04-08 16:47:34,127: log_options() 'smart_notice_shown = False'
INFO: 2024-04-08 16:47:34,127: log_options() 'smart_register_shown = False'
INFO: 2024-04-08 16:47:34,127: log_options() 'sources = [[False, 'favorites', 'The Favorites folder'], [False, 'fetched', 'The Fetched folder'], [True, 'folder', '/usr/share/backgrounds'], [False, 'flickr', 'user:www.flickr.com/photos/peter-levi/;user_id:93647178@N00;'], [False, 'apod', "NASA's Astronomy Picture of the Day"], [False, 'bing', 'Bing Photo of the Day'], [False, 'earthview', 'Google Earth View Wallpapers'], [False, 'natgeo', "National Geographic's photo of the day"], [False, 'unsplash', 'High-resolution photos from Unsplash.com']]'
INFO: 2024-04-08 16:47:34,127: log_options() 'stats_enabled = True'
INFO: 2024-04-08 16:47:34,127: log_options() 'stats_notice_shown = False'
INFO: 2024-04-08 16:47:34,127: log_options() 'sync_enabled = True'
INFO: 2024-04-08 16:47:34,127: log_options() 'use_landscape_enabled = True'
INFO: 2024-04-08 16:47:34,127: log_options() 'wallhaven_api_key = '
INFO: 2024-04-08 16:47:34,127: log_options() 'wallpaper_auto_rotate = False'
INFO: 2024-04-08 16:47:34,127: log_options() 'wallpaper_display_mode = os'
INFO: 2024-04-08 16:47:34,127: clear_prepared_queue() 'Clearing prepared queue'
INFO: 2024-04-08 16:47:34,127: update_indicator() 'Setting file info to: /home/tommi/.config/variety/Downloaded/flickr_user_www_flickr_com_photos_peter_levi__user_id_93647178_N00_/7527830564_98651639a1_o.jpg'
INFO: 2024-04-08 16:47:34,127: prepare_thread() 'Prepared buffer contains 0 images'
INFO: 2024-04-08 16:47:34,127: prepare_thread() 'Preparing some images'
INFO: 2024-04-08 16:47:34,127: prepare_thread() 'After search prepared buffer contains 0 images'
INFO: 2024-04-08 16:47:34,129: list_files() 'More than 1 files in the folders, stop listing'
INFO: 2024-04-08 16:47:34,129: prepare_thread() 'Prepared buffer contains 0 images'
INFO: 2024-04-08 16:47:34,129: prepare_thread() 'Preparing some images'
INFO: 2024-04-08 16:47:34,129: prepare_thread() 'After search prepared buffer contains 0 images'
INFO: 2024-04-08 16:47:34,580: do_set_wp() 'Calling do_set_wp with /home/tommi/.config/variety/Downloaded/flickr_user_www_flickr_com_photos_peter_levi__user_id_93647178_N00_/7527830564_98651639a1_o.jpg, time: 1712584054.5800762'
INFO: 2024-04-08 16:47:34,586: update_indicator() 'Setting file info to: /home/tommi/.config/variety/Downloaded/flickr_user_www_flickr_com_photos_peter_levi__user_id_93647178_N00_/7527830564_98651639a1_o.jpg'
INFO: 2024-04-08 16:47:34,587: list_files() 'More than 1 files in the folders, stop listing'
INFO: 2024-04-08 16:47:34,654: apply() 'Applying preferences'
INFO: 2024-04-08 16:47:34,657: log_options() 'Loaded options:'
INFO: 2024-04-08 16:47:34,657: log_options() 'change_enabled = True'
INFO: 2024-04-08 16:47:34,657: log_options() 'change_interval = 300'
INFO: 2024-04-08 16:47:34,657: log_options() 'change_on_start = False'
INFO: 2024-04-08 16:47:34,657: log_options() 'clipboard_enabled = False'
INFO: 2024-04-08 16:47:34,657: log_options() 'clipboard_hosts = ['wallhaven.cc', 'wallpapers.net', 'flickr.com', 'imgur.com', 'deviantart.com', 'interfacelift.com', 'vladstudio.com', 'imageshack.us', 'deviantart.net', 'imageshack.com']'
INFO: 2024-04-08 16:47:34,657: log_options() 'clipboard_use_whitelist = True'
INFO: 2024-04-08 16:47:34,657: log_options() 'clock_date_font = Serif 30'
INFO: 2024-04-08 16:47:34,657: log_options() 'clock_enabled = False'
INFO: 2024-04-08 16:47:34,657: log_options() 'clock_filter = -density 100 -font `fc-match -f '%{file[0]}' '%CLOCK_FONT_NAME'` -pointsize %CLOCK_FONT_SIZE -gravity SouthEast -fill '#00000044' -annotate 0x0+[%HOFFSET+58]+[%VOFFSET+108] '%H:%M' -fill white -annotate 0x0+[%HOFFSET+60]+[%VOFFSET+110] '%H:%M' -font `fc-match -f '%{file[0]}' '%DATE_FONT_NAME'` -pointsize %DATE_FONT_SIZE -fill '#00000044' -annotate 0x0+[%HOFFSET+58]+[%VOFFSET+58] '%A, %B %d' -fill white -annotate 0x0+[%HOFFSET+60]+[%VOFFSET+60] '%A, %B %d''
INFO: 2024-04-08 16:47:34,657: log_options() 'clock_font = Serif 70'
INFO: 2024-04-08 16:47:34,657: log_options() 'configfile = /home/tommi/.config/variety/variety.conf'
INFO: 2024-04-08 16:47:34,657: log_options() 'copyto_enabled = False'
INFO: 2024-04-08 16:47:34,657: log_options() 'copyto_folder = Default'
INFO: 2024-04-08 16:47:34,657: log_options() 'desired_color = [160, 160, 160]'
INFO: 2024-04-08 16:47:34,657: log_options() 'desired_color_enabled = False'
INFO: 2024-04-08 16:47:34,657: log_options() 'download_folder = /home/tommi/.config/variety/Downloaded'
INFO: 2024-04-08 16:47:34,657: log_options() 'download_preference_ratio = 0.9'
INFO: 2024-04-08 16:47:34,657: log_options() 'favorites_folder = /home/tommi/.config/variety/Favorites'
INFO: 2024-04-08 16:47:34,657: log_options() 'favorites_operations = [['Downloaded', 'Copy'], ['Fetched', 'Move'], ['Others', 'Copy']]'
INFO: 2024-04-08 16:47:34,657: log_options() 'fetched_folder = /home/tommi/.config/variety/Fetched'
INFO: 2024-04-08 16:47:34,657: log_options() 'filters = [[False, 'Keep original', ''], [False, 'Grayscale', '-type Grayscale'], [False, 'Heavy blur', '-scale 20% -blur 0x10 -resize 500%'], [False, 'Soft blur', '-scale 20% -blur 0x2 -resize 500%'], [False, 'Oil painting', '-paint 8'], [False, 'Pointilism', '-spread 10 -noise 3'], [False, 'Pixellate', '-scale 3% -scale 3333%']]'
INFO: 2024-04-08 16:47:34,657: log_options() 'get_wallpaper_script = /home/tommi/.config/variety/scripts/get_wallpaper'
INFO: 2024-04-08 16:47:34,657: log_options() 'icon = Light'
INFO: 2024-04-08 16:47:34,657: log_options() 'internet_enabled = True'
INFO: 2024-04-08 16:47:34,657: log_options() 'lightness_enabled = False'
INFO: 2024-04-08 16:47:34,657: log_options() 'lightness_mode = 0'
INFO: 2024-04-08 16:47:34,657: log_options() 'min_rating = 4'
INFO: 2024-04-08 16:47:34,657: log_options() 'min_rating_enabled = False'
INFO: 2024-04-08 16:47:34,657: log_options() 'min_size = 80'
INFO: 2024-04-08 16:47:34,657: log_options() 'min_size_enabled = False'
INFO: 2024-04-08 16:47:34,657: log_options() 'quota_enabled = True'
INFO: 2024-04-08 16:47:34,657: log_options() 'quota_size = 1000'
INFO: 2024-04-08 16:47:34,657: log_options() 'quotes_authors = '
INFO: 2024-04-08 16:47:34,657: log_options() 'quotes_bg_color = [80, 80, 80]'
INFO: 2024-04-08 16:47:34,657: log_options() 'quotes_bg_opacity = 55'
INFO: 2024-04-08 16:47:34,657: log_options() 'quotes_change_enabled = False'
INFO: 2024-04-08 16:47:34,657: log_options() 'quotes_change_interval = 300'
INFO: 2024-04-08 16:47:34,657: log_options() 'quotes_disabled_sources = ['Urban Dictionary']'
INFO: 2024-04-08 16:47:34,657: log_options() 'quotes_enabled = False'
INFO: 2024-04-08 16:47:34,657: log_options() 'quotes_favorites_file = /home/tommi/.config/variety/favorite_quotes.txt'
INFO: 2024-04-08 16:47:34,657: log_options() 'quotes_font = Serif 30'
INFO: 2024-04-08 16:47:34,657: log_options() 'quotes_hpos = 100'
INFO: 2024-04-08 16:47:34,657: log_options() 'quotes_max_length = 250'
INFO: 2024-04-08 16:47:34,657: log_options() 'quotes_tags = '
INFO: 2024-04-08 16:47:34,657: log_options() 'quotes_text_color = [255, 255, 255]'
INFO: 2024-04-08 16:47:34,657: log_options() 'quotes_text_shadow = False'
INFO: 2024-04-08 16:47:34,657: log_options() 'quotes_vpos = 40'
INFO: 2024-04-08 16:47:34,657: log_options() 'quotes_width = 70'
INFO: 2024-04-08 16:47:34,658: log_options() 'safe_mode = False'
INFO: 2024-04-08 16:47:34,658: log_options() 'set_wallpaper_script = /home/tommi/.config/variety/scripts/set_wallpaper'
INFO: 2024-04-08 16:47:34,658: log_options() 'slideshow_custom_enabled = False'
INFO: 2024-04-08 16:47:34,658: log_options() 'slideshow_custom_folder = /home/tommi/Pictures'
INFO: 2024-04-08 16:47:34,658: log_options() 'slideshow_downloads_enabled = False'
INFO: 2024-04-08 16:47:34,658: log_options() 'slideshow_fade = 0.4'
INFO: 2024-04-08 16:47:34,658: log_options() 'slideshow_favorites_enabled = True'
INFO: 2024-04-08 16:47:34,658: log_options() 'slideshow_mode = Fullscreen'
INFO: 2024-04-08 16:47:34,658: log_options() 'slideshow_monitor = All'
INFO: 2024-04-08 16:47:34,658: log_options() 'slideshow_pan = 0.05'
INFO: 2024-04-08 16:47:34,658: log_options() 'slideshow_seconds = 6.0'
INFO: 2024-04-08 16:47:34,658: log_options() 'slideshow_sort_order = Random'
INFO: 2024-04-08 16:47:34,658: log_options() 'slideshow_sources_enabled = True'
INFO: 2024-04-08 16:47:34,658: log_options() 'slideshow_zoom = 0.2'
INFO: 2024-04-08 16:47:34,658: log_options() 'smart_enabled = False'
INFO: 2024-04-08 16:47:34,658: log_options() 'smart_notice_shown = False'
INFO: 2024-04-08 16:47:34,658: log_options() 'smart_register_shown = False'
INFO: 2024-04-08 16:47:34,658: log_options() 'sources = [[False, 'favorites', 'The Favorites folder'], [False, 'fetched', 'The Fetched folder'], [False, 'folder', '/usr/share/backgrounds'], [False, 'flickr', 'user:www.flickr.com/photos/peter-levi/;user_id:93647178@N00;'], [False, 'apod', "NASA's Astronomy Picture of the Day"], [False, 'bing', 'Bing Photo of the Day'], [False, 'earthview', 'Google Earth View Wallpapers'], [False, 'natgeo', "National Geographic's photo of the day"], [False, 'unsplash', 'High-resolution photos from Unsplash.com']]'
INFO: 2024-04-08 16:47:34,658: log_options() 'stats_enabled = True'
INFO: 2024-04-08 16:47:34,658: log_options() 'stats_notice_shown = False'
INFO: 2024-04-08 16:47:34,658: log_options() 'sync_enabled = True'
INFO: 2024-04-08 16:47:34,658: log_options() 'use_landscape_enabled = True'
INFO: 2024-04-08 16:47:34,658: log_options() 'wallhaven_api_key = '
INFO: 2024-04-08 16:47:34,658: log_options() 'wallpaper_auto_rotate = False'
INFO: 2024-04-08 16:47:34,658: log_options() 'wallpaper_display_mode = os'
INFO: 2024-04-08 16:47:34,658: clear_prepared_queue() 'Clearing prepared queue'
INFO: 2024-04-08 16:47:34,658: update_indicator() 'Setting file info to: /home/tommi/.config/variety/Downloaded/flickr_user_www_flickr_com_photos_peter_levi__user_id_93647178_N00_/7527830564_98651639a1_o.jpg'
INFO: 2024-04-08 16:47:34,658: prepare_thread() 'Prepared buffer contains 0 images'
INFO: 2024-04-08 16:47:34,658: prepare_thread() 'Preparing some images'
INFO: 2024-04-08 16:47:34,658: prepare_thread() 'After search prepared buffer contains 0 images'
INFO: 2024-04-08 16:47:34,659: set_visible() 'Showing status icon'
INFO: 2024-04-08 16:47:34,659: set_from_theme_icon() 'Showing status icon variety-indicator from GTK theme'
INFO: 2024-04-08 16:47:34,659: list_files() 'More than 1 files in the folders, stop listing'
INFO: 2024-04-08 16:47:34,659: prepare_thread() 'Prepared buffer contains 0 images'
INFO: 2024-04-08 16:47:34,660: prepare_thread() 'Preparing some images'
INFO: 2024-04-08 16:47:34,660: prepare_thread() 'After search prepared buffer contains 0 images'
INFO: 2024-04-08 16:47:35,478: trigger_download() 'Triggering download thread to check if download needed and possible'
INFO: 2024-04-08 16:47:35,479: trigger_download() 'Triggering download thread to check if download needed and possible'
INFO: 2024-04-08 16:47:35,580: do_set_wp() 'Calling do_set_wp with /home/tommi/.config/variety/Downloaded/flickr_user_www_flickr_com_photos_peter_levi__user_id_93647178_N00_/7527830564_98651639a1_o.jpg, time: 1712584055.5806818'
INFO: 2024-04-08 16:47:35,587: update_indicator() 'Setting file info to: /home/tommi/.config/variety/Downloaded/flickr_user_www_flickr_com_photos_peter_levi__user_id_93647178_N00_/7527830564_98651639a1_o.jpg'
INFO: 2024-04-08 16:47:35,588: list_files() 'More than 1 files in the folders, stop listing'
INFO: 2024-04-08 16:47:36,128: trigger_download() 'Triggering download thread to check if download needed and possible'
INFO: 2024-04-08 16:47:36,129: trigger_download() 'Triggering download thread to check if download needed and possible'
INFO: 2024-04-08 16:47:36,659: trigger_download() 'Triggering download thread to check if download needed and possible'
INFO: 2024-04-08 16:47:36,660: trigger_download() 'Triggering download thread to check if download needed and possible'
INFO: 2024-04-08 16:47:44,093: apply() 'Applying preferences'
INFO: 2024-04-08 16:47:44,096: log_options() 'Loaded options:'
INFO: 2024-04-08 16:47:44,096: log_options() 'change_enabled = True'
INFO: 2024-04-08 16:47:44,096: log_options() 'change_interval = 300'
INFO: 2024-04-08 16:47:44,096: log_options() 'change_on_start = False'
INFO: 2024-04-08 16:47:44,096: log_options() 'clipboard_enabled = False'
INFO: 2024-04-08 16:47:44,096: log_options() 'clipboard_hosts = ['wallhaven.cc', 'wallpapers.net', 'flickr.com', 'imgur.com', 'deviantart.com', 'interfacelift.com', 'vladstudio.com', 'imageshack.us', 'deviantart.net', 'imageshack.com']'
INFO: 2024-04-08 16:47:44,096: log_options() 'clipboard_use_whitelist = True'
INFO: 2024-04-08 16:47:44,096: log_options() 'clock_date_font = Serif 30'
INFO: 2024-04-08 16:47:44,096: log_options() 'clock_enabled = False'
INFO: 2024-04-08 16:47:44,096: log_options() 'clock_filter = -density 100 -font `fc-match -f '%{file[0]}' '%CLOCK_FONT_NAME'` -pointsize %CLOCK_FONT_SIZE -gravity SouthEast -fill '#00000044' -annotate 0x0+[%HOFFSET+58]+[%VOFFSET+108] '%H:%M' -fill white -annotate 0x0+[%HOFFSET+60]+[%VOFFSET+110] '%H:%M' -font `fc-match -f '%{file[0]}' '%DATE_FONT_NAME'` -pointsize %DATE_FONT_SIZE -fill '#00000044' -annotate 0x0+[%HOFFSET+58]+[%VOFFSET+58] '%A, %B %d' -fill white -annotate 0x0+[%HOFFSET+60]+[%VOFFSET+60] '%A, %B %d''
INFO: 2024-04-08 16:47:44,096: log_options() 'clock_font = Serif 70'
INFO: 2024-04-08 16:47:44,096: log_options() 'configfile = /home/tommi/.config/variety/variety.conf'
INFO: 2024-04-08 16:47:44,096: log_options() 'copyto_enabled = False'
INFO: 2024-04-08 16:47:44,096: log_options() 'copyto_folder = Default'
INFO: 2024-04-08 16:47:44,096: log_options() 'desired_color = [160, 160, 160]'
INFO: 2024-04-08 16:47:44,096: log_options() 'desired_color_enabled = False'
INFO: 2024-04-08 16:47:44,096: log_options() 'download_folder = /home/tommi/.config/variety/Downloaded'
INFO: 2024-04-08 16:47:44,096: log_options() 'download_preference_ratio = 0.9'
INFO: 2024-04-08 16:47:44,096: log_options() 'favorites_folder = /home/tommi/.config/variety/Favorites'
INFO: 2024-04-08 16:47:44,096: log_options() 'favorites_operations = [['Downloaded', 'Copy'], ['Fetched', 'Move'], ['Others', 'Copy']]'
INFO: 2024-04-08 16:47:44,096: log_options() 'fetched_folder = /home/tommi/.config/variety/Fetched'
INFO: 2024-04-08 16:47:44,096: log_options() 'filters = [[False, 'Keep original', ''], [False, 'Grayscale', '-type Grayscale'], [False, 'Heavy blur', '-scale 20% -blur 0x10 -resize 500%'], [False, 'Soft blur', '-scale 20% -blur 0x2 -resize 500%'], [False, 'Oil painting', '-paint 8'], [False, 'Pointilism', '-spread 10 -noise 3'], [False, 'Pixellate', '-scale 3% -scale 3333%']]'
INFO: 2024-04-08 16:47:44,096: log_options() 'get_wallpaper_script = /home/tommi/.config/variety/scripts/get_wallpaper'
INFO: 2024-04-08 16:47:44,096: log_options() 'icon = Light'
INFO: 2024-04-08 16:47:44,096: log_options() 'internet_enabled = True'
INFO: 2024-04-08 16:47:44,096: log_options() 'lightness_enabled = False'
INFO: 2024-04-08 16:47:44,096: log_options() 'lightness_mode = 0'
INFO: 2024-04-08 16:47:44,096: log_options() 'min_rating = 4'
INFO: 2024-04-08 16:47:44,096: log_options() 'min_rating_enabled = False'
INFO: 2024-04-08 16:47:44,096: log_options() 'min_size = 80'
INFO: 2024-04-08 16:47:44,096: log_options() 'min_size_enabled = False'
INFO: 2024-04-08 16:47:44,096: log_options() 'quota_enabled = True'
INFO: 2024-04-08 16:47:44,096: log_options() 'quota_size = 1000'
INFO: 2024-04-08 16:47:44,096: log_options() 'quotes_authors = '
INFO: 2024-04-08 16:47:44,096: log_options() 'quotes_bg_color = [80, 80, 80]'
INFO: 2024-04-08 16:47:44,096: log_options() 'quotes_bg_opacity = 55'
INFO: 2024-04-08 16:47:44,096: log_options() 'quotes_change_enabled = False'
INFO: 2024-04-08 16:47:44,096: log_options() 'quotes_change_interval = 300'
INFO: 2024-04-08 16:47:44,096: log_options() 'quotes_disabled_sources = ['Urban Dictionary']'
INFO: 2024-04-08 16:47:44,097: log_options() 'quotes_enabled = False'
INFO: 2024-04-08 16:47:44,097: log_options() 'quotes_favorites_file = /home/tommi/.config/variety/favorite_quotes.txt'
INFO: 2024-04-08 16:47:44,097: log_options() 'quotes_font = Serif 30'
INFO: 2024-04-08 16:47:44,097: log_options() 'quotes_hpos = 100'
INFO: 2024-04-08 16:47:44,097: log_options() 'quotes_max_length = 250'
INFO: 2024-04-08 16:47:44,097: log_options() 'quotes_tags = '
INFO: 2024-04-08 16:47:44,097: log_options() 'quotes_text_color = [255, 255, 255]'
INFO: 2024-04-08 16:47:44,097: log_options() 'quotes_text_shadow = False'
INFO: 2024-04-08 16:47:44,097: log_options() 'quotes_vpos = 40'
INFO: 2024-04-08 16:47:44,097: log_options() 'quotes_width = 70'
INFO: 2024-04-08 16:47:44,097: log_options() 'safe_mode = False'
INFO: 2024-04-08 16:47:44,097: log_options() 'set_wallpaper_script = /home/tommi/.config/variety/scripts/set_wallpaper'
INFO: 2024-04-08 16:47:44,097: log_options() 'slideshow_custom_enabled = False'
INFO: 2024-04-08 16:47:44,097: log_options() 'slideshow_custom_folder = /home/tommi/Pictures'
INFO: 2024-04-08 16:47:44,097: log_options() 'slideshow_downloads_enabled = False'
INFO: 2024-04-08 16:47:44,097: log_options() 'slideshow_fade = 0.4'
INFO: 2024-04-08 16:47:44,097: log_options() 'slideshow_favorites_enabled = True'
INFO: 2024-04-08 16:47:44,097: log_options() 'slideshow_mode = Fullscreen'
INFO: 2024-04-08 16:47:44,097: log_options() 'slideshow_monitor = All'
INFO: 2024-04-08 16:47:44,097: log_options() 'slideshow_pan = 0.05'
INFO: 2024-04-08 16:47:44,097: log_options() 'slideshow_seconds = 6.0'
INFO: 2024-04-08 16:47:44,097: log_options() 'slideshow_sort_order = Random'
INFO: 2024-04-08 16:47:44,097: log_options() 'slideshow_sources_enabled = True'
INFO: 2024-04-08 16:47:44,097: log_options() 'slideshow_zoom = 0.2'
INFO: 2024-04-08 16:47:44,097: log_options() 'smart_enabled = False'
INFO: 2024-04-08 16:47:44,097: log_options() 'smart_notice_shown = False'
INFO: 2024-04-08 16:47:44,097: log_options() 'smart_register_shown = False'
INFO: 2024-04-08 16:47:44,097: log_options() 'sources = [[False, 'favorites', 'The Favorites folder'], [False, 'fetched', 'The Fetched folder'], [False, 'folder', '/usr/share/backgrounds'], [False, 'flickr', 'user:www.flickr.com/photos/peter-levi/;user_id:93647178@N00;'], [False, 'apod', "NASA's Astronomy Picture of the Day"], [False, 'bing', 'Bing Photo of the Day'], [False, 'earthview', 'Google Earth View Wallpapers'], [False, 'natgeo', "National Geographic's photo of the day"], [False, 'unsplash', 'High-resolution photos from Unsplash.com'], [True, 'image', '/home/tommi/Pictures/wallpaper.jpg']]'
INFO: 2024-04-08 16:47:44,097: log_options() 'stats_enabled = True'
INFO: 2024-04-08 16:47:44,097: log_options() 'stats_notice_shown = False'
INFO: 2024-04-08 16:47:44,097: log_options() 'sync_enabled = True'
INFO: 2024-04-08 16:47:44,097: log_options() 'use_landscape_enabled = True'
INFO: 2024-04-08 16:47:44,097: log_options() 'wallhaven_api_key = '
INFO: 2024-04-08 16:47:44,097: log_options() 'wallpaper_auto_rotate = False'
INFO: 2024-04-08 16:47:44,097: log_options() 'wallpaper_display_mode = os'
INFO: 2024-04-08 16:47:44,097: clear_prepared_queue() 'Clearing prepared queue'
INFO: 2024-04-08 16:47:44,097: update_indicator() 'Setting file info to: /home/tommi/.config/variety/Downloaded/flickr_user_www_flickr_com_photos_peter_levi__user_id_93647178_N00_/7527830564_98651639a1_o.jpg'
INFO: 2024-04-08 16:47:44,097: prepare_thread() 'Prepared buffer contains 0 images'
INFO: 2024-04-08 16:47:44,097: prepare_thread() 'Preparing some images'
INFO: 2024-04-08 16:47:44,097: prepare_thread() 'After search prepared buffer contains 1 images'
INFO: 2024-04-08 16:47:44,098: list_files() 'More than 1 files in the folders, stop listing'
INFO: 2024-04-08 16:47:44,098: prepare_thread() 'Prepared buffer contains 1 images'
INFO: 2024-04-08 16:47:44,104: set_visible() 'Showing status icon'
INFO: 2024-04-08 16:47:44,104: set_from_theme_icon() 'Showing status icon variety-indicator from GTK theme'
INFO: 2024-04-08 16:47:44,199: do_set_wp() 'Calling do_set_wp with /home/tommi/.config/variety/Downloaded/flickr_user_www_flickr_com_photos_peter_levi__user_id_93647178_N00_/7527830564_98651639a1_o.jpg, time: 1712584064.1989954'
INFO: 2024-04-08 16:47:44,205: update_indicator() 'Setting file info to: /home/tommi/.config/variety/Downloaded/flickr_user_www_flickr_com_photos_peter_levi__user_id_93647178_N00_/7527830564_98651639a1_o.jpg'
INFO: 2024-04-08 16:47:44,207: list_files() 'More than 1 files in the folders, stop listing'
INFO: 2024-04-08 16:47:45,320: set_wallpaper() 'Calling set_wallpaper with /home/tommi/Pictures/wallpaper.jpg'
INFO: 2024-04-08 16:47:45,320: do_set_wp() 'Calling do_set_wp with /home/tommi/Pictures/wallpaper.jpg, time: 1712584065.3208504'
INFO: 2024-04-08 16:47:45,326: update_indicator() 'Setting file info to: /home/tommi/Pictures/wallpaper.jpg'
INFO: 2024-04-08 16:47:45,326: list_files() 'More than 1 files in the folders, stop listing'
INFO: 2024-04-08 16:47:46,098: trigger_download() 'Triggering download thread to check if download needed and possible'
INFO: 2024-04-08 16:47:46,098: trigger_download() 'Triggering download thread to check if download needed and possible'
INFO: 2024-04-08 16:47:47,266: server_options_thread() 'Fetching server options from http://tiny.cc/variety-options-063'
INFO: 2024-04-08 16:47:47,793: update_indicator() 'Setting file info to: /home/tommi/Pictures/wallpaper.jpg'
INFO: 2024-04-08 16:47:47,794: list_files() 'More than 1 files in the folders, stop listing'
INFO: 2024-04-08 16:47:48,011: server_options_thread() 'Fetched server options: {'flickr': {'min_fill_queue_interval': 1200, 'min_download_interval': 1200}, 'wallbase': {'min_fill_queue_interval': 1800, 'min_download_interval': 1800}, 'wallhaven': {'min_fill_queue_interval': 1800, 'min_download_interval': 1800}, 'wallpapers.net': {'min_fill_queue_interval': 601, 'min_download_interval': 0}, 'unsplash': {'min_fill_queue_interval': 20000000000, 'min_download_interval': 20000000000}, 'unsplash_v2': {'min_fill_queue_interval': 3600, 'min_download_interval': 1800}, 'status_message': {'0.0.1': '', '*': ''}}'
INFO: 2024-04-08 16:47:49,938: trigger_download() 'Triggering download thread to check if download needed and possible'
INFO: 2024-04-08 16:47:50,037: apply() 'Applying preferences'
INFO: 2024-04-08 16:47:50,040: log_options() 'Loaded options:'
INFO: 2024-04-08 16:47:50,040: set_visible() 'Showing status icon'
INFO: 2024-04-08 16:47:50,040: log_options() 'change_enabled = True'
INFO: 2024-04-08 16:47:50,040: set_from_theme_icon() 'Showing status icon variety-indicator from GTK theme'
INFO: 2024-04-08 16:47:50,040: log_options() 'change_interval = 300'
INFO: 2024-04-08 16:47:50,040: log_options() 'change_on_start = False'
INFO: 2024-04-08 16:47:50,040: log_options() 'clipboard_enabled = False'
INFO: 2024-04-08 16:47:50,040: log_options() 'clipboard_hosts = ['wallhaven.cc', 'wallpapers.net', 'flickr.com', 'imgur.com', 'deviantart.com', 'interfacelift.com', 'vladstudio.com', 'imageshack.us', 'deviantart.net', 'imageshack.com']'
INFO: 2024-04-08 16:47:50,040: log_options() 'clipboard_use_whitelist = True'
INFO: 2024-04-08 16:47:50,040: log_options() 'clock_date_font = Serif 30'
INFO: 2024-04-08 16:47:50,040: log_options() 'clock_enabled = False'
INFO: 2024-04-08 16:47:50,040: log_options() 'clock_filter = -density 100 -font `fc-match -f '%{file[0]}' '%CLOCK_FONT_NAME'` -pointsize %CLOCK_FONT_SIZE -gravity SouthEast -fill '#00000044' -annotate 0x0+[%HOFFSET+58]+[%VOFFSET+108] '%H:%M' -fill white -annotate 0x0+[%HOFFSET+60]+[%VOFFSET+110] '%H:%M' -font `fc-match -f '%{file[0]}' '%DATE_FONT_NAME'` -pointsize %DATE_FONT_SIZE -fill '#00000044' -annotate 0x0+[%HOFFSET+58]+[%VOFFSET+58] '%A, %B %d' -fill white -annotate 0x0+[%HOFFSET+60]+[%VOFFSET+60] '%A, %B %d''
INFO: 2024-04-08 16:47:50,040: log_options() 'clock_font = Serif 70'
INFO: 2024-04-08 16:47:50,040: log_options() 'configfile = /home/tommi/.config/variety/variety.conf'
INFO: 2024-04-08 16:47:50,040: log_options() 'copyto_enabled = False'
INFO: 2024-04-08 16:47:50,040: log_options() 'copyto_folder = Default'
INFO: 2024-04-08 16:47:50,040: log_options() 'desired_color = [160, 160, 160]'
INFO: 2024-04-08 16:47:50,040: log_options() 'desired_color_enabled = False'
INFO: 2024-04-08 16:47:50,040: log_options() 'download_folder = /home/tommi/.config/variety/Downloaded'
INFO: 2024-04-08 16:47:50,040: log_options() 'download_preference_ratio = 0.9'
INFO: 2024-04-08 16:47:50,040: log_options() 'favorites_folder = /home/tommi/.config/variety/Favorites'
INFO: 2024-04-08 16:47:50,040: log_options() 'favorites_operations = [['Downloaded', 'Copy'], ['Fetched', 'Move'], ['Others', 'Copy']]'
INFO: 2024-04-08 16:47:50,040: log_options() 'fetched_folder = /home/tommi/.config/variety/Fetched'
INFO: 2024-04-08 16:47:50,040: log_options() 'filters = [[False, 'Keep original', ''], [False, 'Grayscale', '-type Grayscale'], [False, 'Heavy blur', '-scale 20% -blur 0x10 -resize 500%'], [False, 'Soft blur', '-scale 20% -blur 0x2 -resize 500%'], [False, 'Oil painting', '-paint 8'], [False, 'Pointilism', '-spread 10 -noise 3'], [False, 'Pixellate', '-scale 3% -scale 3333%']]'
INFO: 2024-04-08 16:47:50,040: log_options() 'get_wallpaper_script = /home/tommi/.config/variety/scripts/get_wallpaper'
INFO: 2024-04-08 16:47:50,040: log_options() 'icon = Light'
INFO: 2024-04-08 16:47:50,040: log_options() 'internet_enabled = True'
INFO: 2024-04-08 16:47:50,040: log_options() 'lightness_enabled = False'
INFO: 2024-04-08 16:47:50,040: log_options() 'lightness_mode = 0'
INFO: 2024-04-08 16:47:50,040: log_options() 'min_rating = 4'
INFO: 2024-04-08 16:47:50,040: log_options() 'min_rating_enabled = False'
INFO: 2024-04-08 16:47:50,040: log_options() 'min_size = 80'
INFO: 2024-04-08 16:47:50,040: log_options() 'min_size_enabled = False'
INFO: 2024-04-08 16:47:50,040: log_options() 'quota_enabled = True'
INFO: 2024-04-08 16:47:50,040: log_options() 'quota_size = 1000'
INFO: 2024-04-08 16:47:50,040: log_options() 'quotes_authors = '
INFO: 2024-04-08 16:47:50,040: log_options() 'quotes_bg_color = [80, 80, 80]'
INFO: 2024-04-08 16:47:50,040: log_options() 'quotes_bg_opacity = 55'
INFO: 2024-04-08 16:47:50,041: log_options() 'quotes_change_enabled = False'
INFO: 2024-04-08 16:47:50,041: log_options() 'quotes_change_interval = 300'
INFO: 2024-04-08 16:47:50,041: log_options() 'quotes_disabled_sources = ['Urban Dictionary']'
INFO: 2024-04-08 16:47:50,041: log_options() 'quotes_enabled = False'
INFO: 2024-04-08 16:47:50,041: log_options() 'quotes_favorites_file = /home/tommi/.config/variety/favorite_quotes.txt'
INFO: 2024-04-08 16:47:50,041: log_options() 'quotes_font = Serif 30'
INFO: 2024-04-08 16:47:50,041: log_options() 'quotes_hpos = 100'
INFO: 2024-04-08 16:47:50,041: log_options() 'quotes_max_length = 250'
INFO: 2024-04-08 16:47:50,041: log_options() 'quotes_tags = '
INFO: 2024-04-08 16:47:50,041: log_options() 'quotes_text_color = [255, 255, 255]'
INFO: 2024-04-08 16:47:50,041: log_options() 'quotes_text_shadow = False'
INFO: 2024-04-08 16:47:50,041: log_options() 'quotes_vpos = 40'
INFO: 2024-04-08 16:47:50,041: log_options() 'quotes_width = 70'
INFO: 2024-04-08 16:47:50,041: log_options() 'safe_mode = False'
INFO: 2024-04-08 16:47:50,041: log_options() 'set_wallpaper_script = /home/tommi/.config/variety/scripts/set_wallpaper'
INFO: 2024-04-08 16:47:50,041: log_options() 'slideshow_custom_enabled = False'
INFO: 2024-04-08 16:47:50,041: log_options() 'slideshow_custom_folder = /home/tommi/Pictures'
INFO: 2024-04-08 16:47:50,041: log_options() 'slideshow_downloads_enabled = False'
INFO: 2024-04-08 16:47:50,041: log_options() 'slideshow_fade = 0.4'
INFO: 2024-04-08 16:47:50,041: log_options() 'slideshow_favorites_enabled = True'
INFO: 2024-04-08 16:47:50,041: log_options() 'slideshow_mode = Fullscreen'
INFO: 2024-04-08 16:47:50,041: log_options() 'slideshow_monitor = All'
INFO: 2024-04-08 16:47:50,041: log_options() 'slideshow_pan = 0.05'
INFO: 2024-04-08 16:47:50,041: log_options() 'slideshow_seconds = 6.0'
INFO: 2024-04-08 16:47:50,041: log_options() 'slideshow_sort_order = Random'
INFO: 2024-04-08 16:47:50,041: log_options() 'slideshow_sources_enabled = True'
INFO: 2024-04-08 16:47:50,041: log_options() 'slideshow_zoom = 0.2'
INFO: 2024-04-08 16:47:50,041: log_options() 'smart_enabled = False'
INFO: 2024-04-08 16:47:50,041: log_options() 'smart_notice_shown = False'
INFO: 2024-04-08 16:47:50,041: log_options() 'smart_register_shown = False'
INFO: 2024-04-08 16:47:50,041: log_options() 'sources = [[False, 'favorites', 'The Favorites folder'], [False, 'fetched', 'The Fetched folder'], [False, 'folder', '/usr/share/backgrounds'], [False, 'flickr', 'user:www.flickr.com/photos/peter-levi/;user_id:93647178@N00;'], [False, 'apod', "NASA's Astronomy Picture of the Day"], [False, 'bing', 'Bing Photo of the Day'], [False, 'earthview', 'Google Earth View Wallpapers'], [False, 'natgeo', "National Geographic's photo of the day"], [False, 'unsplash', 'High-resolution photos from Unsplash.com'], [True, 'image', '/home/tommi/Pictures/wallpaper.jpg']]'
INFO: 2024-04-08 16:47:50,041: log_options() 'stats_enabled = True'
INFO: 2024-04-08 16:47:50,041: log_options() 'stats_notice_shown = False'
INFO: 2024-04-08 16:47:50,041: log_options() 'sync_enabled = True'
INFO: 2024-04-08 16:47:50,041: log_options() 'use_landscape_enabled = True'
INFO: 2024-04-08 16:47:50,041: log_options() 'wallhaven_api_key = '
INFO: 2024-04-08 16:47:50,041: log_options() 'wallpaper_auto_rotate = False'
INFO: 2024-04-08 16:47:50,041: log_options() 'wallpaper_display_mode = os'
INFO: 2024-04-08 16:47:50,041: reload_config() 'No need to clear prepared queue'
INFO: 2024-04-08 16:47:50,041: update_indicator() 'Setting file info to: /home/tommi/Pictures/wallpaper.jpg'
INFO: 2024-04-08 16:47:50,041: list_files() 'More than 1 files in the folders, stop listing'
INFO: 2024-04-08 16:47:50,042: prepare_thread() 'Prepared buffer contains 1 images'
INFO: 2024-04-08 16:47:50,142: do_set_wp() 'Calling do_set_wp with /home/tommi/Pictures/wallpaper.jpg, time: 1712584070.1421242'
INFO: 2024-04-08 16:47:50,147: update_indicator() 'Setting file info to: /home/tommi/Pictures/wallpaper.jpg'
INFO: 2024-04-08 16:47:50,148: list_files() 'More than 1 files in the folders, stop listing'
INFO: 2024-04-08 16:47:52,042: trigger_download() 'Triggering download thread to check if download needed and possible'
INFO: 2024-04-08 16:47:54,793: process_command() 'Received command: ['--preferences']'
INFO: 2024-04-08 16:47:54,795: reload() 'Reloading preferences dialog'
INFO: 2024-04-08 16:48:03,165: set_wallpaper() 'Calling set_wallpaper with /home/tommi/Pictures/wallpaper.jpg'
INFO: 2024-04-08 16:48:09,597: update_indicator() 'Setting file info to: /home/tommi/Pictures/wallpaper.jpg'
INFO: 2024-04-08 16:48:09,598: list_files() 'More than 1 files in the folders, stop listing'
INFO: 2024-04-08 16:48:18,344: trigger_download() 'Triggering download thread to check if download needed and possible'
INFO: 2024-04-08 16:52:45,390: regular_change_thread() 'regular_change changes wallpaper'
INFO: 2024-04-08 16:52:45,390: change_wallpaper() 'No images yet in prepared buffer, using some random image'
INFO: 2024-04-08 16:52:45,390: prepare_thread() 'Prepared buffer contains 1 images'
INFO: 2024-04-08 16:52:45,390: change_wallpaper() 'No images found'
INFO: 2024-04-08 16:52:47,390: trigger_download() 'Triggering download thread to check if download needed and possible'
INFO: 2024-04-08 16:57:45,390: regular_change_thread() 'regular_change changes wallpaper'
INFO: 2024-04-08 16:57:45,390: change_wallpaper() 'No images yet in prepared buffer, using some random image'
INFO: 2024-04-08 16:57:45,390: prepare_thread() 'Prepared buffer contains 1 images'
INFO: 2024-04-08 16:57:45,390: change_wallpaper() 'No images found'
INFO: 2024-04-08 16:57:47,390: trigger_download() 'Triggering download thread to check if download needed and possible'
